{"/home/travis/build/npmtest/node-npmtest-backbone.localstorage/test.js":{"path":"/home/travis/build/npmtest/node-npmtest-backbone.localstorage/test.js","s":{"1":2,"2":2,"3":2,"4":2,"5":2,"6":2,"7":2,"8":1,"9":2,"10":2,"11":1,"12":1,"13":1,"14":1,"15":2,"16":2,"17":2,"18":2,"19":1,"20":1,"21":2,"22":2,"23":2,"24":1,"25":1,"26":1,"27":1,"28":1,"29":1,"30":1,"31":1,"32":1,"33":1,"34":1,"35":1,"36":1,"37":1,"38":1,"39":2,"40":2,"41":1,"42":2,"43":2,"44":1,"45":2,"46":2,"47":1,"48":2,"49":2,"50":1,"51":1,"52":1,"53":1,"54":1},"b":{"1":[2,1,1,1],"2":[1,1,1,1],"3":[1,1],"4":[1,1],"5":[1,1],"6":[1,1],"7":[1,1],"8":[1,1],"9":[1,1],"10":[1,1,1],"11":[1,1],"12":[1,1],"13":[1,1],"14":[1,1],"15":[1,1],"16":[1,1],"17":[1,1]},"f":{"1":2,"2":2,"3":2,"4":2,"5":2,"6":1,"7":1,"8":1,"9":2,"10":2,"11":2,"12":2,"13":1},"fnMap":{"1":{"name":"(anonymous_1)","line":12,"loc":{"start":{"line":12,"column":1},"end":{"line":12,"column":13}}},"2":{"name":"(anonymous_2)","line":19,"loc":{"start":{"line":19,"column":5},"end":{"line":19,"column":17}}},"3":{"name":"(anonymous_3)","line":23,"loc":{"start":{"line":23,"column":24},"end":{"line":23,"column":36}}},"4":{"name":"(anonymous_4)","line":61,"loc":{"start":{"line":61,"column":5},"end":{"line":61,"column":17}}},"5":{"name":"(anonymous_5)","line":82,"loc":{"start":{"line":82,"column":5},"end":{"line":82,"column":17}}},"6":{"name":"(anonymous_6)","line":91,"loc":{"start":{"line":91,"column":77},"end":{"line":94,"column":10}}},"7":{"name":"(anonymous_7)","line":112,"loc":{"start":{"line":112,"column":83},"end":{"line":115,"column":10}},"skip":true},"8":{"name":"(anonymous_8)","line":123,"loc":{"start":{"line":123,"column":77},"end":{"line":126,"column":10}},"skip":true},"9":{"name":"(anonymous_9)","line":139,"loc":{"start":{"line":139,"column":12},"end":{"line":139,"column":40}},"skip":true},"10":{"name":"(anonymous_10)","line":147,"loc":{"start":{"line":147,"column":77},"end":{"line":150,"column":10}},"skip":true},"11":{"name":"(anonymous_11)","line":158,"loc":{"start":{"line":158,"column":83},"end":{"line":161,"column":10}},"skip":true},"12":{"name":"(anonymous_12)","line":169,"loc":{"start":{"line":169,"column":79},"end":{"line":172,"column":10}},"skip":true},"13":{"name":"(anonymous_13)","line":180,"loc":{"start":{"line":180,"column":75},"end":{"line":183,"column":10}},"skip":true}},"statementMap":{"1":{"start":{"line":12,"column":0},"end":{"line":195,"column":5}},"2":{"start":{"line":14,"column":4},"end":{"line":14,"column":14}},"3":{"start":{"line":19,"column":4},"end":{"line":56,"column":9}},"4":{"start":{"line":21,"column":8},"end":{"line":21,"column":19}},"5":{"start":{"line":23,"column":8},"end":{"line":35,"column":13}},"6":{"start":{"line":24,"column":12},"end":{"line":34,"column":13}},"7":{"start":{"line":25,"column":16},"end":{"line":28,"column":30}},"8":{"start":{"line":30,"column":16},"end":{"line":33,"column":27}},"9":{"start":{"line":37,"column":8},"end":{"line":39,"column":21}},"10":{"start":{"line":40,"column":8},"end":{"line":53,"column":9}},"11":{"start":{"line":43,"column":12},"end":{"line":46,"column":14}},"12":{"start":{"line":47,"column":12},"end":{"line":47,"column":18}},"13":{"start":{"line":50,"column":12},"end":{"line":51,"column":33}},"14":{"start":{"line":52,"column":12},"end":{"line":52,"column":18}},"15":{"start":{"line":55,"column":8},"end":{"line":55,"column":35}},"16":{"start":{"line":61,"column":4},"end":{"line":63,"column":9}},"17":{"start":{"line":62,"column":8},"end":{"line":62,"column":15}},"18":{"start":{"line":64,"column":4},"end":{"line":77,"column":5}},"19":{"start":{"line":70,"column":8},"end":{"line":70,"column":14}},"20":{"start":{"line":76,"column":8},"end":{"line":76,"column":14}},"21":{"start":{"line":82,"column":4},"end":{"line":84,"column":9}},"22":{"start":{"line":83,"column":8},"end":{"line":83,"column":15}},"23":{"start":{"line":85,"column":4},"end":{"line":194,"column":5}},"24":{"start":{"line":91,"column":8},"end":{"line":99,"column":10}},"25":{"start":{"line":98,"column":12},"end":{"line":98,"column":35}},"26":{"start":{"line":102,"column":8},"end":{"line":104,"column":63}},"27":{"start":{"line":105,"column":8},"end":{"line":105,"column":14}},"28":{"start":{"line":112,"column":8},"end":{"line":121,"column":10},"skip":true},"29":{"start":{"line":119,"column":12},"end":{"line":119,"column":55},"skip":true},"30":{"start":{"line":120,"column":12},"end":{"line":120,"column":48},"skip":true},"31":{"start":{"line":123,"column":8},"end":{"line":136,"column":10},"skip":true},"32":{"start":{"line":130,"column":12},"end":{"line":130,"column":76},"skip":true},"33":{"start":{"line":131,"column":12},"end":{"line":131,"column":73},"skip":true},"34":{"start":{"line":132,"column":12},"end":{"line":132,"column":74},"skip":true},"35":{"start":{"line":133,"column":12},"end":{"line":133,"column":79},"skip":true},"36":{"start":{"line":134,"column":12},"end":{"line":134,"column":25},"skip":true},"37":{"start":{"line":135,"column":12},"end":{"line":135,"column":45},"skip":true},"38":{"start":{"line":138,"column":8},"end":{"line":145,"column":14},"skip":true},"39":{"start":{"line":143,"column":16},"end":{"line":143,"column":29},"skip":true},"40":{"start":{"line":144,"column":16},"end":{"line":144,"column":55},"skip":true},"41":{"start":{"line":147,"column":8},"end":{"line":156,"column":10},"skip":true},"42":{"start":{"line":154,"column":12},"end":{"line":154,"column":25},"skip":true},"43":{"start":{"line":155,"column":12},"end":{"line":155,"column":45},"skip":true},"44":{"start":{"line":158,"column":8},"end":{"line":167,"column":10},"skip":true},"45":{"start":{"line":165,"column":12},"end":{"line":165,"column":25},"skip":true},"46":{"start":{"line":166,"column":12},"end":{"line":166,"column":48},"skip":true},"47":{"start":{"line":169,"column":8},"end":{"line":178,"column":10},"skip":true},"48":{"start":{"line":176,"column":12},"end":{"line":176,"column":25},"skip":true},"49":{"start":{"line":177,"column":12},"end":{"line":177,"column":46},"skip":true},"50":{"start":{"line":180,"column":8},"end":{"line":189,"column":10},"skip":true},"51":{"start":{"line":187,"column":12},"end":{"line":187,"column":94},"skip":true},"52":{"start":{"line":188,"column":12},"end":{"line":188,"column":48},"skip":true},"53":{"start":{"line":192,"column":8},"end":{"line":192,"column":35},"skip":true},"54":{"start":{"line":193,"column":8},"end":{"line":193,"column":14},"skip":true}},"branchMap":{"1":{"line":25,"type":"binary-expr","locations":[{"start":{"line":25,"column":23},"end":{"line":25,"column":62}},{"start":{"line":26,"column":20},"end":{"line":26,"column":70}},{"start":{"line":27,"column":20},"end":{"line":27,"column":71}},{"start":{"line":28,"column":20},"end":{"line":28,"column":29}}]},"2":{"line":30,"type":"binary-expr","locations":[{"start":{"line":30,"column":23},"end":{"line":30,"column":37}},{"start":{"line":31,"column":20},"end":{"line":31,"column":61}},{"start":{"line":32,"column":20},"end":{"line":32,"column":70}},{"start":{"line":33,"column":20},"end":{"line":33,"column":26}}]},"3":{"line":37,"type":"cond-expr","locations":[{"start":{"line":38,"column":14},"end":{"line":38,"column":20}},{"start":{"line":39,"column":14},"end":{"line":39,"column":20}}]},"4":{"line":40,"type":"switch","locations":[{"start":{"line":42,"column":8},"end":{"line":47,"column":18}},{"start":{"line":49,"column":8},"end":{"line":52,"column":18}}]},"5":{"line":44,"type":"binary-expr","locations":[{"start":{"line":44,"column":16},"end":{"line":44,"column":44}},{"start":{"line":44,"column":48},"end":{"line":44,"column":66}}]},"6":{"line":50,"type":"binary-expr","locations":[{"start":{"line":50,"column":21},"end":{"line":50,"column":49}},{"start":{"line":50,"column":53},"end":{"line":50,"column":72}}]},"7":{"line":64,"type":"switch","locations":[{"start":{"line":69,"column":4},"end":{"line":70,"column":14}},{"start":{"line":75,"column":4},"end":{"line":76,"column":14}}]},"8":{"line":85,"type":"switch","locations":[{"start":{"line":90,"column":4},"end":{"line":105,"column":14}},{"start":{"line":111,"column":4},"end":{"line":193,"column":14},"skip":true}]},"9":{"line":91,"type":"binary-expr","locations":[{"start":{"line":91,"column":42},"end":{"line":91,"column":73}},{"start":{"line":91,"column":77},"end":{"line":99,"column":9}}]},"10":{"line":102,"type":"binary-expr","locations":[{"start":{"line":102,"column":18},"end":{"line":102,"column":32}},{"start":{"line":103,"column":12},"end":{"line":103,"column":53}},{"start":{"line":104,"column":12},"end":{"line":104,"column":61}}]},"11":{"line":112,"type":"binary-expr","locations":[{"start":{"line":112,"column":45},"end":{"line":112,"column":79},"skip":true},{"start":{"line":112,"column":83},"end":{"line":121,"column":9},"skip":true}]},"12":{"line":123,"type":"binary-expr","locations":[{"start":{"line":123,"column":42},"end":{"line":123,"column":73},"skip":true},{"start":{"line":123,"column":77},"end":{"line":136,"column":9},"skip":true}]},"13":{"line":138,"type":"binary-expr","locations":[{"start":{"line":138,"column":48},"end":{"line":138,"column":85},"skip":true},{"start":{"line":139,"column":12},"end":{"line":145,"column":13},"skip":true}]},"14":{"line":147,"type":"binary-expr","locations":[{"start":{"line":147,"column":42},"end":{"line":147,"column":73},"skip":true},{"start":{"line":147,"column":77},"end":{"line":156,"column":9},"skip":true}]},"15":{"line":158,"type":"binary-expr","locations":[{"start":{"line":158,"column":45},"end":{"line":158,"column":79},"skip":true},{"start":{"line":158,"column":83},"end":{"line":167,"column":9},"skip":true}]},"16":{"line":169,"type":"binary-expr","locations":[{"start":{"line":169,"column":43},"end":{"line":169,"column":75},"skip":true},{"start":{"line":169,"column":79},"end":{"line":178,"column":9},"skip":true}]},"17":{"line":180,"type":"binary-expr","locations":[{"start":{"line":180,"column":41},"end":{"line":180,"column":71},"skip":true},{"start":{"line":180,"column":75},"end":{"line":189,"column":9},"skip":true}]}},"code":["/* istanbul instrument in package npmtest_backbone_localstorage */","/*jslint","    bitwise: true,","    browser: true,","    maxerr: 8,","    maxlen: 96,","    node: true,","    nomen: true,","    regexp: true,","    stupid: true","*/","(function () {","    'use strict';","    var local;","","","","    // run shared js-env code - pre-init","    (function () {","        // init local","        local = {};","        // init modeJs","        local.modeJs = (function () {","            try {","                return typeof navigator.userAgent === 'string' &&","                    typeof document.querySelector('body') === 'object' &&","                    typeof XMLHttpRequest.prototype.open === 'function' &&","                    'browser';","            } catch (errorCaughtBrowser) {","                return module.exports &&","                    typeof process.versions.node === 'string' &&","                    typeof require('http').createServer === 'function' &&","                    'node';","            }","        }());","        // init global","        local.global = local.modeJs === 'browser'","            ? window","            : global;","        switch (local.modeJs) {","        // re-init local from window.local","        case 'browser':","            local = local.global.utility2.objectSetDefault(","                local.global.utility2_rollup || local.global.local,","                local.global.utility2","            );","            break;","        // re-init local from example.js","        case 'node':","            local = (local.global.utility2_rollup || require('utility2'))","                .requireReadme();","            break;","        }","        // export local","        local.global.local = local;","    }());","","","","    // run shared js-env code - function","    (function () {","        return;","    }());","    switch (local.modeJs) {","","","","    // run browser js-env code - function","    case 'browser':","        break;","","","","    // run node js-env code - function","    case 'node':","        break;","    }","","","","    // run shared js-env code - post-init","    (function () {","        return;","    }());","    switch (local.modeJs) {","","","","    // run browser js-env code - post-init","    case 'browser':","        local.testCase_browser_nullCase = local.testCase_browser_nullCase || function (","            options,","            onError","        ) {","        /*","         * this function will test browsers's null-case handling-behavior-behavior","         */","            onError(null, options);","        };","","        // run tests","        local.nop(local.modeTest &&","            document.querySelector('#testRunButton1') &&","            document.querySelector('#testRunButton1').click());","        break;","","","","    // run node js-env code - post-init","    /* istanbul ignore next */","    case 'node':","        local.testCase_buildApidoc_default = local.testCase_buildApidoc_default || function (","            options,","            onError","        ) {","        /*","         * this function will test buildApidoc's default handling-behavior-behavior","         */","            options = { modulePathList: module.paths };","            local.buildApidoc(options, onError);","        };","","        local.testCase_buildApp_default = local.testCase_buildApp_default || function (","            options,","            onError","        ) {","        /*","         * this function will test buildApp's default handling-behavior-behavior","         */","            local.testCase_buildReadme_default(options, local.onErrorThrow);","            local.testCase_buildLib_default(options, local.onErrorThrow);","            local.testCase_buildTest_default(options, local.onErrorThrow);","            local.testCase_buildCustomOrg_default(options, local.onErrorThrow);","            options = [];","            local.buildApp(options, onError);","        };","","        local.testCase_buildCustomOrg_default = local.testCase_buildCustomOrg_default ||","            function (options, onError) {","            /*","             * this function will test buildCustomOrg's default handling-behavior","             */","                options = {};","                local.buildCustomOrg(options, onError);","            };","","        local.testCase_buildLib_default = local.testCase_buildLib_default || function (","            options,","            onError","        ) {","        /*","         * this function will test buildLib's default handling-behavior","         */","            options = {};","            local.buildLib(options, onError);","        };","","        local.testCase_buildReadme_default = local.testCase_buildReadme_default || function (","            options,","            onError","        ) {","        /*","         * this function will test buildReadme's default handling-behavior-behavior","         */","            options = {};","            local.buildReadme(options, onError);","        };","","        local.testCase_buildTest_default = local.testCase_buildTest_default || function (","            options,","            onError","        ) {","        /*","         * this function will test buildTest's default handling-behavior","         */","            options = {};","            local.buildTest(options, onError);","        };","","        local.testCase_webpage_default = local.testCase_webpage_default || function (","            options,","            onError","        ) {","        /*","         * this function will test webpage's default handling-behavior","         */","            options = { modeCoverageMerge: true, url: local.serverLocalHost + '?modeTest=1' };","            local.browserTest(options, onError);","        };","","        // run test-server","        local.testRunServer(local);","        break;","    }","}());",""],"l":{"12":2,"14":2,"19":2,"21":2,"23":2,"24":2,"25":2,"30":1,"37":2,"40":2,"43":1,"47":1,"50":1,"52":1,"55":2,"61":2,"62":2,"64":2,"70":1,"76":1,"82":2,"83":2,"85":2,"91":1,"98":1,"102":1,"105":1,"112":1,"119":1,"120":1,"123":1,"130":1,"131":1,"132":1,"133":1,"134":1,"135":1,"138":1,"143":2,"144":2,"147":1,"154":2,"155":2,"158":1,"165":2,"166":2,"169":1,"176":2,"177":2,"180":1,"187":1,"188":1,"192":1,"193":1}},"/home/travis/build/npmtest/node-npmtest-backbone.localstorage/lib.npmtest_backbone.localstorage.js":{"path":"/home/travis/build/npmtest/node-npmtest-backbone.localstorage/lib.npmtest_backbone.localstorage.js","s":{"1":2,"2":2,"3":2,"4":2,"5":2,"6":2,"7":2,"8":1,"9":2,"10":2,"11":2,"12":2,"13":1,"14":1,"15":1,"16":1},"b":{"1":[2,1,1,1],"2":[1,1,1,1],"3":[1,1],"4":[2,2],"5":[1,1]},"f":{"1":2,"2":2,"3":2},"fnMap":{"1":{"name":"(anonymous_1)","line":12,"loc":{"start":{"line":12,"column":1},"end":{"line":12,"column":13}}},"2":{"name":"(anonymous_2)","line":19,"loc":{"start":{"line":19,"column":5},"end":{"line":19,"column":17}}},"3":{"name":"(anonymous_3)","line":23,"loc":{"start":{"line":23,"column":24},"end":{"line":23,"column":36}}}},"statementMap":{"1":{"start":{"line":12,"column":0},"end":{"line":53,"column":5}},"2":{"start":{"line":14,"column":4},"end":{"line":14,"column":14}},"3":{"start":{"line":19,"column":4},"end":{"line":52,"column":9}},"4":{"start":{"line":21,"column":8},"end":{"line":21,"column":19}},"5":{"start":{"line":23,"column":8},"end":{"line":35,"column":13}},"6":{"start":{"line":24,"column":12},"end":{"line":34,"column":13}},"7":{"start":{"line":25,"column":16},"end":{"line":28,"column":30}},"8":{"start":{"line":30,"column":16},"end":{"line":33,"column":27}},"9":{"start":{"line":37,"column":8},"end":{"line":39,"column":21}},"10":{"start":{"line":41,"column":8},"end":{"line":41,"column":54}},"11":{"start":{"line":43,"column":8},"end":{"line":43,"column":66}},"12":{"start":{"line":45,"column":8},"end":{"line":51,"column":9}},"13":{"start":{"line":46,"column":12},"end":{"line":46,"column":72}},"14":{"start":{"line":48,"column":12},"end":{"line":48,"column":35}},"15":{"start":{"line":49,"column":12},"end":{"line":49,"column":49}},"16":{"start":{"line":50,"column":12},"end":{"line":50,"column":43}}},"branchMap":{"1":{"line":25,"type":"binary-expr","locations":[{"start":{"line":25,"column":23},"end":{"line":25,"column":62}},{"start":{"line":26,"column":20},"end":{"line":26,"column":70}},{"start":{"line":27,"column":20},"end":{"line":27,"column":71}},{"start":{"line":28,"column":20},"end":{"line":28,"column":29}}]},"2":{"line":30,"type":"binary-expr","locations":[{"start":{"line":30,"column":23},"end":{"line":30,"column":37}},{"start":{"line":31,"column":20},"end":{"line":31,"column":61}},{"start":{"line":32,"column":20},"end":{"line":32,"column":70}},{"start":{"line":33,"column":20},"end":{"line":33,"column":26}}]},"3":{"line":37,"type":"cond-expr","locations":[{"start":{"line":38,"column":14},"end":{"line":38,"column":20}},{"start":{"line":39,"column":14},"end":{"line":39,"column":20}}]},"4":{"line":41,"type":"binary-expr","locations":[{"start":{"line":41,"column":16},"end":{"line":41,"column":44}},{"start":{"line":41,"column":48},"end":{"line":41,"column":53}}]},"5":{"line":45,"type":"if","locations":[{"start":{"line":45,"column":8},"end":{"line":45,"column":8}},{"start":{"line":45,"column":8},"end":{"line":45,"column":8}}]}},"code":["/* istanbul instrument in package npmtest_backbone_localstorage */","/*jslint","    bitwise: true,","    browser: true,","    maxerr: 8,","    maxlen: 96,","    node: true,","    nomen: true,","    regexp: true,","    stupid: true","*/","(function () {","    'use strict';","    var local;","","","","    // run shared js-env code - pre-init","    (function () {","        // init local","        local = {};","        // init modeJs","        local.modeJs = (function () {","            try {","                return typeof navigator.userAgent === 'string' &&","                    typeof document.querySelector('body') === 'object' &&","                    typeof XMLHttpRequest.prototype.open === 'function' &&","                    'browser';","            } catch (errorCaughtBrowser) {","                return module.exports &&","                    typeof process.versions.node === 'string' &&","                    typeof require('http').createServer === 'function' &&","                    'node';","            }","        }());","        // init global","        local.global = local.modeJs === 'browser'","            ? window","            : global;","        // init utility2_rollup","        local = local.global.utility2_rollup || local;","        // init lib","        local.local = local.npmtest_backbone_localstorage = local;","        // init exports","        if (local.modeJs === 'browser') {","            local.global.utility2_npmtest_backbone_localstorage = local;","        } else {","            module.exports = local;","            module.exports.__dirname = __dirname;","            module.exports.module = module;","        }","    }());","}());",""],"l":{"12":2,"14":2,"19":2,"21":2,"23":2,"24":2,"25":2,"30":1,"37":2,"41":2,"43":2,"45":2,"46":1,"48":1,"49":1,"50":1}},"/home/travis/build/npmtest/node-npmtest-backbone.localstorage/example.js":{"path":"/home/travis/build/npmtest/node-npmtest-backbone.localstorage/example.js","s":{"1":2,"2":2,"3":2,"4":2,"5":2,"6":2,"7":2,"8":1,"9":2,"10":2,"11":2,"12":2,"13":1,"14":2,"15":2,"16":2,"17":2,"18":2,"19":0,"20":2,"21":1,"22":1,"23":1,"24":1,"25":1,"26":0,"27":0,"28":1,"29":1,"30":2,"31":0,"32":0,"33":0,"34":1,"35":2,"36":2,"37":3,"38":3,"39":3,"40":3,"41":0,"42":3,"43":3,"44":3,"45":1,"46":3,"47":1,"48":1,"49":1,"50":1,"51":1,"52":1,"53":1,"54":1,"55":1,"56":1,"57":0,"58":1,"59":6,"60":6,"61":1,"62":2,"63":0,"64":2,"65":1,"66":1,"67":0,"68":0,"69":0,"70":0,"71":0,"72":0,"73":0,"74":0,"75":0,"76":0,"77":0,"78":0,"79":0,"80":0,"81":0,"82":0,"83":0},"b":{"1":[2,1,1,1],"2":[1,1,1,1],"3":[1,1],"4":[2,2],"5":[1,1],"6":[1,1],"7":[2,0],"8":[2,1,1,1,1,1],"9":[0,2,0],"10":[1,1],"11":[2,1,1],"12":[1,0],"13":[0,2],"14":[2,0,0,0,0,0,0],"15":[0,3],"16":[3,0],"17":[1,1],"18":[0,1],"19":[1,2,0,2],"20":[1,0],"21":[1,1],"22":[0,0],"23":[0,0],"24":[0,0],"25":[0,0],"26":[0,0],"27":[0,0],"28":[0,0]},"f":{"1":2,"2":2,"3":2,"4":2,"5":2,"6":2,"7":3,"8":3,"9":3,"10":1,"11":6,"12":0},"fnMap":{"1":{"name":"(anonymous_1)","line":26,"loc":{"start":{"line":26,"column":1},"end":{"line":26,"column":13}}},"2":{"name":"(anonymous_2)","line":33,"loc":{"start":{"line":33,"column":5},"end":{"line":33,"column":17}}},"3":{"name":"(anonymous_3)","line":37,"loc":{"start":{"line":37,"column":24},"end":{"line":37,"column":36}}},"4":{"name":"(anonymous_4)","line":69,"loc":{"start":{"line":69,"column":31},"end":{"line":69,"column":48}},"skip":true},"5":{"name":"(anonymous_5)","line":78,"loc":{"start":{"line":78,"column":26},"end":{"line":78,"column":45}},"skip":true},"6":{"name":"(anonymous_6)","line":123,"loc":{"start":{"line":123,"column":33},"end":{"line":123,"column":48}},"skip":true},"7":{"name":"(anonymous_7)","line":125,"loc":{"start":{"line":125,"column":27},"end":{"line":125,"column":39}},"skip":true},"8":{"name":"(anonymous_8)","line":133,"loc":{"start":{"line":133,"column":59},"end":{"line":133,"column":74}},"skip":true},"9":{"name":"(anonymous_9)","line":143,"loc":{"start":{"line":143,"column":45},"end":{"line":143,"column":62}},"skip":true},"10":{"name":"(anonymous_10)","line":144,"loc":{"start":{"line":144,"column":73},"end":{"line":144,"column":92}},"skip":true},"11":{"name":"(anonymous_11)","line":272,"loc":{"start":{"line":272,"column":51},"end":{"line":272,"column":77}},"skip":true},"12":{"name":"(anonymous_12)","line":315,"loc":{"start":{"line":315,"column":32},"end":{"line":315,"column":61}},"skip":true}},"statementMap":{"1":{"start":{"line":26,"column":0},"end":{"line":326,"column":5}},"2":{"start":{"line":28,"column":4},"end":{"line":28,"column":14}},"3":{"start":{"line":33,"column":4},"end":{"line":60,"column":9}},"4":{"start":{"line":35,"column":8},"end":{"line":35,"column":19}},"5":{"start":{"line":37,"column":8},"end":{"line":49,"column":13}},"6":{"start":{"line":38,"column":12},"end":{"line":48,"column":13}},"7":{"start":{"line":39,"column":16},"end":{"line":42,"column":30}},"8":{"start":{"line":44,"column":16},"end":{"line":47,"column":27}},"9":{"start":{"line":51,"column":8},"end":{"line":53,"column":21}},"10":{"start":{"line":55,"column":8},"end":{"line":57,"column":45}},"11":{"start":{"line":59,"column":8},"end":{"line":59,"column":35}},"12":{"start":{"line":61,"column":4},"end":{"line":325,"column":5}},"13":{"start":{"line":69,"column":8},"end":{"line":121,"column":10},"skip":true},"14":{"start":{"line":70,"column":12},"end":{"line":88,"column":13},"skip":true},"15":{"start":{"line":76,"column":16},"end":{"line":87,"column":19},"skip":true},"16":{"start":{"line":79,"column":20},"end":{"line":86,"column":21},"skip":true},"17":{"start":{"line":82,"column":24},"end":{"line":82,"column":43},"skip":true},"18":{"start":{"line":83,"column":24},"end":{"line":83,"column":30},"skip":true},"19":{"start":{"line":85,"column":24},"end":{"line":85,"column":49},"skip":true},"20":{"start":{"line":89,"column":12},"end":{"line":107,"column":13},"skip":true},"21":{"start":{"line":92,"column":16},"end":{"line":102,"column":17},"skip":true},"22":{"start":{"line":93,"column":20},"end":{"line":93,"column":86},"skip":true},"23":{"start":{"line":94,"column":20},"end":{"line":95,"column":45},"skip":true},"24":{"start":{"line":96,"column":20},"end":{"line":96,"column":42},"skip":true},"25":{"start":{"line":97,"column":20},"end":{"line":97,"column":48},"skip":true},"26":{"start":{"line":100,"column":20},"end":{"line":100,"column":85},"skip":true},"27":{"start":{"line":101,"column":20},"end":{"line":101,"column":96},"skip":true},"28":{"start":{"line":103,"column":16},"end":{"line":103,"column":22},"skip":true},"29":{"start":{"line":106,"column":16},"end":{"line":106,"column":22},"skip":true},"30":{"start":{"line":108,"column":12},"end":{"line":120,"column":13},"skip":true},"31":{"start":{"line":114,"column":16},"end":{"line":119,"column":17},"skip":true},"32":{"start":{"line":116,"column":20},"end":{"line":116,"column":78},"skip":true},"33":{"start":{"line":118,"column":20},"end":{"line":118,"column":47},"skip":true},"34":{"start":{"line":123,"column":8},"end":{"line":141,"column":11},"skip":true},"35":{"start":{"line":124,"column":12},"end":{"line":124,"column":54},"skip":true},"36":{"start":{"line":125,"column":12},"end":{"line":140,"column":14},"skip":true},"37":{"start":{"line":126,"column":16},"end":{"line":126,"column":28},"skip":true},"38":{"start":{"line":127,"column":16},"end":{"line":127,"column":69},"skip":true},"39":{"start":{"line":128,"column":16},"end":{"line":128,"column":75},"skip":true},"40":{"start":{"line":129,"column":16},"end":{"line":131,"column":17},"skip":true},"41":{"start":{"line":130,"column":20},"end":{"line":130,"column":27},"skip":true},"42":{"start":{"line":133,"column":16},"end":{"line":137,"column":36},"skip":true},"43":{"start":{"line":134,"column":20},"end":{"line":136,"column":55},"skip":true},"44":{"start":{"line":139,"column":16},"end":{"line":139,"column":57},"skip":true},"45":{"start":{"line":143,"column":8},"end":{"line":147,"column":11},"skip":true},"46":{"start":{"line":144,"column":12},"end":{"line":146,"column":15},"skip":true},"47":{"start":{"line":145,"column":16},"end":{"line":145,"column":70},"skip":true},"48":{"start":{"line":149,"column":8},"end":{"line":149,"column":31},"skip":true},"49":{"start":{"line":150,"column":8},"end":{"line":150,"column":14},"skip":true},"50":{"start":{"line":158,"column":8},"end":{"line":158,"column":31},"skip":true},"51":{"start":{"line":160,"column":8},"end":{"line":160,"column":33},"skip":true},"52":{"start":{"line":161,"column":8},"end":{"line":161,"column":37},"skip":true},"53":{"start":{"line":162,"column":8},"end":{"line":162,"column":35},"skip":true},"54":{"start":{"line":164,"column":8},"end":{"line":164,"column":50},"skip":true},"55":{"start":{"line":166,"column":8},"end":{"line":256,"column":2},"skip":true},"56":{"start":{"line":258,"column":8},"end":{"line":286,"column":9},"skip":true},"57":{"start":{"line":259,"column":12},"end":{"line":269,"column":14},"skip":true},"58":{"start":{"line":271,"column":12},"end":{"line":285,"column":19},"skip":true},"59":{"start":{"line":274,"column":20},"end":{"line":274,"column":35},"skip":true},"60":{"start":{"line":275,"column":20},"end":{"line":284,"column":21},"skip":true},"61":{"start":{"line":277,"column":24},"end":{"line":277,"column":64},"skip":true},"62":{"start":{"line":279,"column":24},"end":{"line":279,"column":40},"skip":true},"63":{"start":{"line":281,"column":24},"end":{"line":281,"column":40},"skip":true},"64":{"start":{"line":283,"column":24},"end":{"line":283,"column":39},"skip":true},"65":{"start":{"line":288,"column":8},"end":{"line":290,"column":9},"skip":true},"66":{"start":{"line":289,"column":12},"end":{"line":289,"column":18},"skip":true},"67":{"start":{"line":291,"column":8},"end":{"line":293,"column":54},"skip":true},"68":{"start":{"line":296,"column":8},"end":{"line":301,"column":37},"skip":true},"69":{"start":{"line":303,"column":8},"end":{"line":303,"column":82},"skip":true},"70":{"start":{"line":306,"column":8},"end":{"line":308,"column":9},"skip":true},"71":{"start":{"line":307,"column":12},"end":{"line":307,"column":82},"skip":true},"72":{"start":{"line":310,"column":8},"end":{"line":312,"column":9},"skip":true},"73":{"start":{"line":311,"column":12},"end":{"line":311,"column":18},"skip":true},"74":{"start":{"line":313,"column":8},"end":{"line":313,"column":54},"skip":true},"75":{"start":{"line":314,"column":8},"end":{"line":314,"column":69},"skip":true},"76":{"start":{"line":315,"column":8},"end":{"line":323,"column":36},"skip":true},"77":{"start":{"line":316,"column":12},"end":{"line":316,"column":61},"skip":true},"78":{"start":{"line":317,"column":12},"end":{"line":320,"column":13},"skip":true},"79":{"start":{"line":318,"column":16},"end":{"line":318,"column":75},"skip":true},"80":{"start":{"line":319,"column":16},"end":{"line":319,"column":23},"skip":true},"81":{"start":{"line":321,"column":12},"end":{"line":321,"column":38},"skip":true},"82":{"start":{"line":322,"column":12},"end":{"line":322,"column":27},"skip":true},"83":{"start":{"line":324,"column":8},"end":{"line":324,"column":14},"skip":true}},"branchMap":{"1":{"line":39,"type":"binary-expr","locations":[{"start":{"line":39,"column":23},"end":{"line":39,"column":62}},{"start":{"line":40,"column":20},"end":{"line":40,"column":70}},{"start":{"line":41,"column":20},"end":{"line":41,"column":71}},{"start":{"line":42,"column":20},"end":{"line":42,"column":29}}]},"2":{"line":44,"type":"binary-expr","locations":[{"start":{"line":44,"column":23},"end":{"line":44,"column":37}},{"start":{"line":45,"column":20},"end":{"line":45,"column":61}},{"start":{"line":46,"column":20},"end":{"line":46,"column":70}},{"start":{"line":47,"column":20},"end":{"line":47,"column":26}}]},"3":{"line":51,"type":"cond-expr","locations":[{"start":{"line":52,"column":14},"end":{"line":52,"column":20}},{"start":{"line":53,"column":14},"end":{"line":53,"column":20}}]},"4":{"line":55,"type":"binary-expr","locations":[{"start":{"line":55,"column":16},"end":{"line":55,"column":44}},{"start":{"line":55,"column":49},"end":{"line":57,"column":43}}]},"5":{"line":55,"type":"cond-expr","locations":[{"start":{"line":56,"column":14},"end":{"line":56,"column":65}},{"start":{"line":57,"column":14},"end":{"line":57,"column":43}}]},"6":{"line":61,"type":"switch","locations":[{"start":{"line":68,"column":4},"end":{"line":150,"column":14},"skip":true},{"start":{"line":156,"column":4},"end":{"line":324,"column":14},"skip":true}]},"7":{"line":70,"type":"if","locations":[{"start":{"line":70,"column":12},"end":{"line":70,"column":12},"skip":true},{"start":{"line":70,"column":12},"end":{"line":70,"column":12},"skip":true}]},"8":{"line":70,"type":"binary-expr","locations":[{"start":{"line":70,"column":16},"end":{"line":70,"column":22},"skip":true},{"start":{"line":70,"column":27},"end":{"line":70,"column":32},"skip":true},{"start":{"line":71,"column":20},"end":{"line":71,"column":39},"skip":true},{"start":{"line":72,"column":20},"end":{"line":72,"column":49},"skip":true},{"start":{"line":73,"column":20},"end":{"line":73,"column":58},"skip":true},{"start":{"line":74,"column":20},"end":{"line":74,"column":69},"skip":true}]},"9":{"line":79,"type":"switch","locations":[{"start":{"line":80,"column":20},"end":{"line":80,"column":33},"skip":true},{"start":{"line":81,"column":20},"end":{"line":83,"column":30},"skip":true},{"start":{"line":84,"column":20},"end":{"line":85,"column":49},"skip":true}]},"10":{"line":89,"type":"switch","locations":[{"start":{"line":90,"column":12},"end":{"line":103,"column":22},"skip":true},{"start":{"line":105,"column":12},"end":{"line":106,"column":22},"skip":true}]},"11":{"line":89,"type":"binary-expr","locations":[{"start":{"line":89,"column":20},"end":{"line":89,"column":25},"skip":true},{"start":{"line":89,"column":29},"end":{"line":89,"column":48},"skip":true},{"start":{"line":89,"column":52},"end":{"line":89,"column":74},"skip":true}]},"12":{"line":92,"type":"if","locations":[{"start":{"line":92,"column":16},"end":{"line":92,"column":16},"skip":true},{"start":{"line":92,"column":16},"end":{"line":92,"column":16},"skip":true}]},"13":{"line":108,"type":"if","locations":[{"start":{"line":108,"column":12},"end":{"line":108,"column":12},"skip":true},{"start":{"line":108,"column":12},"end":{"line":108,"column":12},"skip":true}]},"14":{"line":108,"type":"binary-expr","locations":[{"start":{"line":108,"column":16},"end":{"line":108,"column":61},"skip":true},{"start":{"line":108,"column":66},"end":{"line":108,"column":72},"skip":true},{"start":{"line":108,"column":77},"end":{"line":108,"column":82},"skip":true},{"start":{"line":109,"column":20},"end":{"line":109,"column":39},"skip":true},{"start":{"line":110,"column":20},"end":{"line":110,"column":49},"skip":true},{"start":{"line":111,"column":20},"end":{"line":111,"column":58},"skip":true},{"start":{"line":112,"column":20},"end":{"line":112,"column":68},"skip":true}]},"15":{"line":129,"type":"if","locations":[{"start":{"line":129,"column":16},"end":{"line":129,"column":16},"skip":true},{"start":{"line":129,"column":16},"end":{"line":129,"column":16},"skip":true}]},"16":{"line":134,"type":"cond-expr","locations":[{"start":{"line":135,"column":26},"end":{"line":135,"column":29},"skip":true},{"start":{"line":136,"column":26},"end":{"line":136,"column":54},"skip":true}]},"17":{"line":164,"type":"binary-expr","locations":[{"start":{"line":164,"column":27},"end":{"line":164,"column":43},"skip":true},{"start":{"line":164,"column":47},"end":{"line":164,"column":49},"skip":true}]},"18":{"line":258,"type":"if","locations":[{"start":{"line":258,"column":8},"end":{"line":258,"column":8},"skip":true},{"start":{"line":258,"column":8},"end":{"line":258,"column":8},"skip":true}]},"19":{"line":275,"type":"switch","locations":[{"start":{"line":276,"column":20},"end":{"line":277,"column":64},"skip":true},{"start":{"line":278,"column":20},"end":{"line":279,"column":40},"skip":true},{"start":{"line":280,"column":20},"end":{"line":281,"column":40},"skip":true},{"start":{"line":282,"column":20},"end":{"line":283,"column":39},"skip":true}]},"20":{"line":288,"type":"if","locations":[{"start":{"line":288,"column":8},"end":{"line":288,"column":8},"skip":true},{"start":{"line":288,"column":8},"end":{"line":288,"column":8},"skip":true}]},"21":{"line":288,"type":"binary-expr","locations":[{"start":{"line":288,"column":12},"end":{"line":288,"column":40},"skip":true},{"start":{"line":288,"column":44},"end":{"line":288,"column":67},"skip":true}]},"22":{"line":292,"type":"binary-expr","locations":[{"start":{"line":292,"column":12},"end":{"line":292,"column":50},"skip":true},{"start":{"line":293,"column":12},"end":{"line":293,"column":53},"skip":true}]},"23":{"line":297,"type":"binary-expr","locations":[{"start":{"line":297,"column":12},"end":{"line":297,"column":79},"skip":true},{"start":{"line":298,"column":12},"end":{"line":301,"column":36},"skip":true}]},"24":{"line":303,"type":"binary-expr","locations":[{"start":{"line":303,"column":43},"end":{"line":303,"column":75},"skip":true},{"start":{"line":303,"column":79},"end":{"line":303,"column":81},"skip":true}]},"25":{"line":306,"type":"if","locations":[{"start":{"line":306,"column":8},"end":{"line":306,"column":8},"skip":true},{"start":{"line":306,"column":8},"end":{"line":306,"column":8},"skip":true}]},"26":{"line":310,"type":"if","locations":[{"start":{"line":310,"column":8},"end":{"line":310,"column":8},"skip":true},{"start":{"line":310,"column":8},"end":{"line":310,"column":8},"skip":true}]},"27":{"line":313,"type":"binary-expr","locations":[{"start":{"line":313,"column":27},"end":{"line":313,"column":43},"skip":true},{"start":{"line":313,"column":47},"end":{"line":313,"column":53},"skip":true}]},"28":{"line":317,"type":"if","locations":[{"start":{"line":317,"column":12},"end":{"line":317,"column":12},"skip":true},{"start":{"line":317,"column":12},"end":{"line":317,"column":12},"skip":true}]}},"code":["/*","example.js","","quickstart example","","instruction","    1. save this script as example.js","    2. run the shell command:","        $ npm install npmtest-backbone.localstorage && PORT=8081 node example.js","    3. play with the browser-demo on http://127.0.0.1:8081","*/","","","","/* istanbul instrument in package npmtest_backbone_localstorage */","/*jslint","    bitwise: true,","    browser: true,","    maxerr: 8,","    maxlen: 96,","    node: true,","    nomen: true,","    regexp: true,","    stupid: true","*/","(function () {","    'use strict';","    var local;","","","","    // run shared js-env code - pre-init","    (function () {","        // init local","        local = {};","        // init modeJs","        local.modeJs = (function () {","            try {","                return typeof navigator.userAgent === 'string' &&","                    typeof document.querySelector('body') === 'object' &&","                    typeof XMLHttpRequest.prototype.open === 'function' &&","                    'browser';","            } catch (errorCaughtBrowser) {","                return module.exports &&","                    typeof process.versions.node === 'string' &&","                    typeof require('http').createServer === 'function' &&","                    'node';","            }","        }());","        // init global","        local.global = local.modeJs === 'browser'","            ? window","            : global;","        // init utility2_rollup","        local = local.global.utility2_rollup || (local.modeJs === 'browser'","            ? local.global.utility2_npmtest_backbone_localstorage","            : global.utility2_moduleExports);","        // export local","        local.global.local = local;","    }());","    switch (local.modeJs) {","","","","    // post-init","    // run browser js-env code - post-init","    /* istanbul ignore next */","    case 'browser':","        local.testRunBrowser = function (event) {","            if (!event || (event &&","                    event.currentTarget &&","                    event.currentTarget.className &&","                    event.currentTarget.className.includes &&","                    event.currentTarget.className.includes('onreset'))) {","                // reset output","                Array.from(","                    document.querySelectorAll('body > .resettable')","                ).forEach(function (element) {","                    switch (element.tagName) {","                    case 'INPUT':","                    case 'TEXTAREA':","                        element.value = '';","                        break;","                    default:","                        element.textContent = '';","                    }","                });","            }","            switch (event && event.currentTarget && event.currentTarget.id) {","            case 'testRunButton1':","                // show tests","                if (document.querySelector('#testReportDiv1').style.display === 'none') {","                    document.querySelector('#testReportDiv1').style.display = 'block';","                    document.querySelector('#testRunButton1').textContent =","                        'hide internal test';","                    local.modeTest = true;","                    local.testRunDefault(local);","                // hide tests","                } else {","                    document.querySelector('#testReportDiv1').style.display = 'none';","                    document.querySelector('#testRunButton1').textContent = 'run internal test';","                }","                break;","            // custom-case","            default:","                break;","            }","            if (document.querySelector('#inputTextareaEval1') && (!event || (event &&","                    event.currentTarget &&","                    event.currentTarget.className &&","                    event.currentTarget.className.includes &&","                    event.currentTarget.className.includes('oneval')))) {","                // try to eval input-code","                try {","                    /*jslint evil: true*/","                    eval(document.querySelector('#inputTextareaEval1').value);","                } catch (errorCaught) {","                    console.error(errorCaught);","                }","            }","        };","        // log stderr and stdout to #outputTextareaStdout1","        ['error', 'log'].forEach(function (key) {","            console[key + '_original'] = console[key];","            console[key] = function () {","                var element;","                console[key + '_original'].apply(console, arguments);","                element = document.querySelector('#outputTextareaStdout1');","                if (!element) {","                    return;","                }","                // append text to #outputTextareaStdout1","                element.value += Array.from(arguments).map(function (arg) {","                    return typeof arg === 'string'","                        ? arg","                        : JSON.stringify(arg, null, 4);","                }).join(' ') + '\\n';","                // scroll textarea to bottom","                element.scrollTop = element.scrollHeight;","            };","        });","        // init event-handling","        ['change', 'click', 'keyup'].forEach(function (event) {","            Array.from(document.querySelectorAll('.on' + event)).forEach(function (element) {","                element.addEventListener(event, local.testRunBrowser);","            });","        });","        // run tests","        local.testRunBrowser();","        break;","","","","    // run node js-env code - post-init","    /* istanbul ignore next */","    case 'node':","        // export local","        module.exports = local;","        // require modules","        local.fs = require('fs');","        local.http = require('http');","        local.url = require('url');","        // init assets","        local.assetsDict = local.assetsDict || {};","        /* jslint-ignore-begin */","        local.assetsDict['/assets.index.template.html'] = '\\","<!doctype html>\\n\\","<html lang=\"en\">\\n\\","<head>\\n\\","<meta charset=\"UTF-8\">\\n\\","<meta name=\"viewport\" content=\"width=device-width, initial-scale=1\">\\n\\","<title>{{env.npm_package_name}} (v{{env.npm_package_version}})</title>\\n\\","<style>\\n\\","/*csslint\\n\\","    box-sizing: false,\\n\\","    universal-selector: false\\n\\","*/\\n\\","* {\\n\\","    box-sizing: border-box;\\n\\","}\\n\\","body {\\n\\","    background: #dde;\\n\\","    font-family: Arial, Helvetica, sans-serif;\\n\\","    margin: 2rem;\\n\\","}\\n\\","body > * {\\n\\","    margin-bottom: 1rem;\\n\\","}\\n\\",".utility2FooterDiv {\\n\\","    margin-top: 20px;\\n\\","    text-align: center;\\n\\","}\\n\\","</style>\\n\\","<style>\\n\\","/*csslint\\n\\","*/\\n\\","textarea {\\n\\","    font-family: monospace;\\n\\","    height: 10rem;\\n\\","    width: 100%;\\n\\","}\\n\\","textarea[readonly] {\\n\\","    background: #ddd;\\n\\","}\\n\\","</style>\\n\\","</head>\\n\\","<body>\\n\\","<!-- utility2-comment\\n\\","<div id=\"ajaxProgressDiv1\" style=\"background: #d00; height: 2px; left: 0; margin: 0; padding: 0; position: fixed; top: 0; transition: background 0.5s, width 1.5s; width: 25%;\"></div>\\n\\","utility2-comment -->\\n\\","<h1>\\n\\","<!-- utility2-comment\\n\\","    <a\\n\\","        {{#if env.npm_package_homepage}}\\n\\","        href=\"{{env.npm_package_homepage}}\"\\n\\","        {{/if env.npm_package_homepage}}\\n\\","        target=\"_blank\"\\n\\","    >\\n\\","utility2-comment -->\\n\\","        {{env.npm_package_name}} (v{{env.npm_package_version}})\\n\\","<!-- utility2-comment\\n\\","    </a>\\n\\","utility2-comment -->\\n\\","</h1>\\n\\","<h3>{{env.npm_package_description}}</h3>\\n\\","<!-- utility2-comment\\n\\","<h4><a download href=\"assets.app.js\">download standalone app</a></h4>\\n\\","<button class=\"onclick onreset\" id=\"testRunButton1\">run internal test</button><br>\\n\\","<div id=\"testReportDiv1\" style=\"display: none;\"></div>\\n\\","utility2-comment -->\\n\\","\\n\\","\\n\\","\\n\\","<label>stderr and stdout</label>\\n\\","<textarea class=\"resettable\" id=\"outputTextareaStdout1\" readonly></textarea>\\n\\","<!-- utility2-comment\\n\\","{{#if isRollup}}\\n\\","<script src=\"assets.app.js\"></script>\\n\\","{{#unless isRollup}}\\n\\","utility2-comment -->\\n\\","<script src=\"assets.utility2.rollup.js\"></script>\\n\\","<script src=\"jsonp.utility2._stateInit?callback=window.utility2._stateInit\"></script>\\n\\","<script src=\"assets.npmtest_backbone_localstorage.rollup.js\"></script>\\n\\","<script src=\"assets.example.js\"></script>\\n\\","<script src=\"assets.test.js\"></script>\\n\\","<!-- utility2-comment\\n\\","{{/if isRollup}}\\n\\","utility2-comment -->\\n\\","<div class=\"utility2FooterDiv\">\\n\\","    [ this app was created with\\n\\","    <a href=\"https://github.com/kaizhu256/node-utility2\" target=\"_blank\">utility2</a>\\n\\","    ]\\n\\","</div>\\n\\","</body>\\n\\","</html>\\n\\","';","        /* jslint-ignore-end */","        if (local.templateRender) {","            local.assetsDict['/'] = local.templateRender(","                local.assetsDict['/assets.index.template.html'],","                {","                    env: local.objectSetDefault(local.env, {","                        npm_package_description: 'the greatest app in the world!',","                        npm_package_name: 'my-app',","                        npm_package_nameAlias: 'my_app',","                        npm_package_version: '0.0.1'","                    })","                }","            );","        } else {","            local.assetsDict['/'] = local.assetsDict['/assets.index.template.html']","                .replace((/\\{\\{env\\.(\\w+?)\\}\\}/g), function (match0, match1) {","                    // jslint-hack","                    String(match0);","                    switch (match1) {","                    case 'npm_package_description':","                        return 'the greatest app in the world!';","                    case 'npm_package_name':","                        return 'my-app';","                    case 'npm_package_nameAlias':","                        return 'my_app';","                    case 'npm_package_version':","                        return '0.0.1';","                    }","                });","        }","        // run the cli","        if (local.global.utility2_rollup || module !== require.main) {","            break;","        }","        local.assetsDict['/assets.example.js'] =","            local.assetsDict['/assets.example.js'] ||","            local.fs.readFileSync(__filename, 'utf8');","        // bug-workaround - long $npm_package_buildCustomOrg","        /* jslint-ignore-begin */","        local.assetsDict['/assets.npmtest_backbone_localstorage.rollup.js'] =","            local.assetsDict['/assets.npmtest_backbone_localstorage.rollup.js'] ||","            local.fs.readFileSync(","                local.npmtest_backbone_localstorage.__dirname + '/lib.npmtest_backbone_localstorage.js',","                'utf8'","            ).replace((/^#!/), '//');","        /* jslint-ignore-end */","        local.assetsDict['/favicon.ico'] = local.assetsDict['/favicon.ico'] || '';","        // if $npm_config_timeout_exit exists,","        // then exit this process after $npm_config_timeout_exit ms","        if (Number(process.env.npm_config_timeout_exit)) {","            setTimeout(process.exit, Number(process.env.npm_config_timeout_exit));","        }","        // start server","        if (local.global.utility2_serverHttp1) {","            break;","        }","        process.env.PORT = process.env.PORT || '8081';","        console.error('server starting on port ' + process.env.PORT);","        local.http.createServer(function (request, response) {","            request.urlParsed = local.url.parse(request.url);","            if (local.assetsDict[request.urlParsed.pathname] !== undefined) {","                response.end(local.assetsDict[request.urlParsed.pathname]);","                return;","            }","            response.statusCode = 404;","            response.end();","        }).listen(process.env.PORT);","        break;","    }","}());",""],"l":{"26":2,"28":2,"33":2,"35":2,"37":2,"38":2,"39":2,"44":1,"51":2,"55":2,"59":2,"61":2,"69":1,"70":2,"76":2,"79":2,"82":2,"83":2,"85":1,"89":2,"92":1,"93":1,"94":1,"96":1,"97":1,"100":1,"101":1,"103":1,"106":1,"108":2,"114":1,"116":1,"118":1,"123":1,"124":2,"125":2,"126":3,"127":3,"128":3,"129":3,"130":1,"133":3,"134":3,"139":3,"143":1,"144":3,"145":1,"149":1,"150":1,"158":1,"160":1,"161":1,"162":1,"164":1,"166":1,"258":1,"259":1,"271":1,"274":6,"275":6,"277":1,"279":2,"281":1,"283":2,"288":1,"289":1,"291":1,"296":1,"303":1,"306":1,"307":1,"310":1,"311":1,"313":1,"314":1,"315":1,"316":1,"317":1,"318":1,"319":1,"321":1,"322":1,"324":1}},"/home/travis/build/npmtest/node-npmtest-backbone.localstorage/node_modules/backbone.localstorage/build/backbone.localStorage.js":{"path":"/home/travis/build/npmtest/node-npmtest-backbone.localstorage/node_modules/backbone.localstorage/build/backbone.localStorage.js","s":{"1":1,"2":1,"3":1,"4":0,"5":0,"6":0,"7":0,"8":0,"9":1,"10":1,"11":1,"12":13,"13":5,"14":8,"15":8,"16":8,"17":8,"18":1,"19":1,"20":1,"21":0,"22":1,"23":0,"24":0,"25":1,"26":0,"27":0,"28":0,"29":0,"30":0,"31":1,"32":0,"33":1,"34":1,"35":1,"36":1,"37":1,"38":1,"39":1,"40":1,"41":1,"42":0,"43":0,"44":1,"45":0,"46":1,"47":0,"48":1,"49":0,"50":1,"51":1,"52":1,"53":1,"54":1,"55":1,"56":1,"57":1,"58":1,"59":1,"60":1,"61":1,"62":1,"63":1,"64":0,"65":0,"66":0,"67":0,"68":1,"69":0,"70":1,"71":1,"72":1,"73":1,"74":1,"75":1,"76":13,"77":13,"78":13,"79":13,"80":13,"81":13,"82":1,"83":1,"84":1,"85":1,"86":0,"87":1,"88":1,"89":1,"90":1,"91":0,"92":0,"93":1,"94":0,"95":0,"96":1,"97":1,"98":0,"99":0,"100":0,"101":0,"102":0,"103":0,"104":0,"105":0,"106":0,"107":1,"108":0,"109":0,"110":0,"111":0,"112":0,"113":0,"114":0,"115":0,"116":0,"117":0,"118":0,"119":0,"120":0,"121":0,"122":0,"123":0,"124":0,"125":0,"126":0,"127":0,"128":0,"129":0,"130":0,"131":0,"132":0,"133":0,"134":0,"135":0,"136":0,"137":0,"138":0,"139":0,"140":0,"141":0,"142":0,"143":0,"144":0,"145":1,"146":1,"147":1,"148":1,"149":1,"150":1,"151":1,"152":1,"153":1,"154":1,"155":0,"156":0,"157":0,"158":1,"159":0,"160":0,"161":0,"162":0,"163":0,"164":0,"165":0,"166":0,"167":0,"168":0,"169":0,"170":0,"171":0,"172":0,"173":0,"174":0,"175":0,"176":0,"177":0,"178":0,"179":0,"180":0,"181":0,"182":0,"183":0,"184":0,"185":0,"186":0,"187":0,"188":0,"189":1,"190":1,"191":1,"192":1,"193":1,"194":0,"195":0,"196":1,"197":1},"b":{"1":[1,0],"2":[1,1],"3":[0,0],"4":[0,0],"5":[0,0],"6":[5,8],"7":[0,0],"8":[0,0],"9":[0,0],"10":[0,0],"11":[0,0],"12":[0,1],"13":[1,1],"14":[0,0],"15":[0,0],"16":[0,0],"17":[0,0],"18":[13,13],"19":[13,0],"20":[1,0],"21":[0,1],"22":[0,0],"23":[0,0],"24":[0,0],"25":[0,0],"26":[0,0],"27":[0,0],"28":[0,0],"29":[0,0],"30":[0,0,0],"31":[0,0],"32":[0,0],"33":[0,0],"34":[0,0],"35":[0,1],"36":[1,1],"37":[0,0],"38":[0,0],"39":[0,0],"40":[0,0,0,0,0],"41":[0,0],"42":[0,0],"43":[0,0],"44":[0,0],"45":[0,0],"46":[0,0],"47":[0,0],"48":[0,0],"49":[0,0],"50":[0,0],"51":[0,0],"52":[1,0,0],"53":[0,0]},"f":{"1":1,"2":1,"3":1,"4":13,"5":0,"6":0,"7":0,"8":0,"9":0,"10":0,"11":1,"12":1,"13":0,"14":0,"15":0,"16":0,"17":1,"18":1,"19":1,"20":1,"21":0,"22":0,"23":1,"24":1,"25":1,"26":1,"27":0,"28":0,"29":0,"30":1,"31":0,"32":0,"33":0,"34":0,"35":0,"36":0,"37":0,"38":0,"39":0,"40":0,"41":0,"42":0,"43":0,"44":0,"45":0,"46":0,"47":1,"48":1,"49":0,"50":0,"51":1,"52":1,"53":1},"fnMap":{"1":{"name":"webpackUniversalModuleDefinition","line":1,"loc":{"start":{"line":1,"column":1},"end":{"line":1,"column":58}}},"2":{"name":"(anonymous_2)","line":10,"loc":{"start":{"line":10,"column":9},"end":{"line":10,"column":80}}},"3":{"name":"(anonymous_3)","line":11,"loc":{"start":{"line":11,"column":17},"end":{"line":11,"column":35}}},"4":{"name":"__webpack_require__","line":16,"loc":{"start":{"line":16,"column":10},"end":{"line":16,"column":49}}},"5":{"name":"(anonymous_5)","line":47,"loc":{"start":{"line":47,"column":34},"end":{"line":47,"column":50}}},"6":{"name":"(anonymous_6)","line":50,"loc":{"start":{"line":50,"column":34},"end":{"line":50,"column":66}}},"7":{"name":"(anonymous_7)","line":61,"loc":{"start":{"line":61,"column":34},"end":{"line":61,"column":51}}},"8":{"name":"getDefault","line":63,"loc":{"start":{"line":63,"column":12},"end":{"line":63,"column":34}}},"9":{"name":"getModuleExports","line":64,"loc":{"start":{"line":64,"column":12},"end":{"line":64,"column":40}}},"10":{"name":"(anonymous_10)","line":70,"loc":{"start":{"line":70,"column":34},"end":{"line":70,"column":61}}},"11":{"name":"(anonymous_11)","line":81,"loc":{"start":{"line":81,"column":7},"end":{"line":81,"column":54}}},"12":{"name":"(anonymous_12)","line":84,"loc":{"start":{"line":84,"column":28},"end":{"line":84,"column":45}}},"13":{"name":"s4","line":98,"loc":{"start":{"line":98,"column":0},"end":{"line":98,"column":14}}},"14":{"name":"guid","line":106,"loc":{"start":{"line":106,"column":0},"end":{"line":106,"column":16}}},"15":{"name":"getLocalStorage","line":114,"loc":{"start":{"line":114,"column":0},"end":{"line":114,"column":32}}},"16":{"name":"getWindow","line":121,"loc":{"start":{"line":121,"column":0},"end":{"line":121,"column":21}}},"17":{"name":"(anonymous_17)","line":128,"loc":{"start":{"line":128,"column":7},"end":{"line":128,"column":33}}},"18":{"name":"(anonymous_18)","line":134,"loc":{"start":{"line":134,"column":7},"end":{"line":134,"column":33}}},"19":{"name":"(anonymous_19)","line":140,"loc":{"start":{"line":140,"column":7},"end":{"line":140,"column":54}}},"20":{"name":"_interopRequireDefault","line":160,"loc":{"start":{"line":160,"column":0},"end":{"line":160,"column":37}}},"21":{"name":"getSyncMethod","line":170,"loc":{"start":{"line":170,"column":0},"end":{"line":170,"column":30}}},"22":{"name":"(anonymous_22)","line":179,"loc":{"start":{"line":179,"column":26},"end":{"line":179,"column":60}}},"23":{"name":"(anonymous_23)","line":187,"loc":{"start":{"line":187,"column":7},"end":{"line":187,"column":54}}},"24":{"name":"(anonymous_24)","line":197,"loc":{"start":{"line":197,"column":19},"end":{"line":197,"column":31}}},"25":{"name":"defineProperties","line":197,"loc":{"start":{"line":197,"column":33},"end":{"line":197,"column":74}}},"26":{"name":"(anonymous_26)","line":197,"loc":{"start":{"line":197,"column":357},"end":{"line":197,"column":405}}},"27":{"name":"_classCallCheck","line":203,"loc":{"start":{"line":203,"column":0},"end":{"line":203,"column":48}}},"28":{"name":"serialize","line":212,"loc":{"start":{"line":212,"column":13},"end":{"line":212,"column":38}}},"29":{"name":"deserialize","line":222,"loc":{"start":{"line":222,"column":15},"end":{"line":222,"column":42}}},"30":{"name":"(anonymous_30)","line":234,"loc":{"start":{"line":234,"column":42},"end":{"line":234,"column":54}}},"31":{"name":"LocalStorage","line":235,"loc":{"start":{"line":235,"column":2},"end":{"line":235,"column":26}}},"32":{"name":"localStorage","line":259,"loc":{"start":{"line":259,"column":11},"end":{"line":259,"column":35}}},"33":{"name":"save","line":269,"loc":{"start":{"line":269,"column":11},"end":{"line":269,"column":27}}},"34":{"name":"create","line":280,"loc":{"start":{"line":280,"column":11},"end":{"line":280,"column":34}}},"35":{"name":"update","line":300,"loc":{"start":{"line":300,"column":11},"end":{"line":300,"column":34}}},"36":{"name":"find","line":319,"loc":{"start":{"line":319,"column":11},"end":{"line":319,"column":32}}},"37":{"name":"findAll","line":329,"loc":{"start":{"line":329,"column":11},"end":{"line":329,"column":30}}},"38":{"name":"(anonymous_38)","line":332,"loc":{"start":{"line":332,"column":54},"end":{"line":332,"column":68}}},"39":{"name":"(anonymous_39)","line":334,"loc":{"start":{"line":334,"column":16},"end":{"line":334,"column":32}}},"40":{"name":"destroy","line":346,"loc":{"start":{"line":346,"column":11},"end":{"line":346,"column":35}}},"41":{"name":"_clear","line":362,"loc":{"start":{"line":362,"column":11},"end":{"line":362,"column":29}}},"42":{"name":"_storageSize","line":385,"loc":{"start":{"line":385,"column":11},"end":{"line":385,"column":35}}},"43":{"name":"_getItem","line":396,"loc":{"start":{"line":396,"column":11},"end":{"line":396,"column":35}}},"44":{"name":"_itemName","line":407,"loc":{"start":{"line":407,"column":11},"end":{"line":407,"column":34}}},"45":{"name":"_setItem","line":419,"loc":{"start":{"line":419,"column":11},"end":{"line":419,"column":41}}},"46":{"name":"_removeItem","line":430,"loc":{"start":{"line":430,"column":11},"end":{"line":430,"column":37}}},"47":{"name":"(anonymous_47)","line":442,"loc":{"start":{"line":442,"column":7},"end":{"line":442,"column":54}}},"48":{"name":"_interopRequireDefault","line":460,"loc":{"start":{"line":460,"column":0},"end":{"line":460,"column":37}}},"49":{"name":"getDeferred","line":465,"loc":{"start":{"line":465,"column":0},"end":{"line":465,"column":23}}},"50":{"name":"sync","line":480,"loc":{"start":{"line":480,"column":0},"end":{"line":480,"column":29}}},"51":{"name":"(anonymous_51)","line":541,"loc":{"start":{"line":541,"column":7},"end":{"line":541,"column":33}}},"52":{"name":"(anonymous_52)","line":546,"loc":{"start":{"line":546,"column":5},"end":{"line":546,"column":16}}},"53":{"name":"(anonymous_53)","line":568,"loc":{"start":{"line":568,"column":7},"end":{"line":568,"column":54}}}},"statementMap":{"1":{"start":{"line":1,"column":0},"end":{"line":575,"column":3}},"2":{"start":{"line":2,"column":1},"end":{"line":9,"column":71}},"3":{"start":{"line":3,"column":2},"end":{"line":3,"column":71}},"4":{"start":{"line":4,"column":6},"end":{"line":9,"column":71}},"5":{"start":{"line":5,"column":2},"end":{"line":5,"column":24}},"6":{"start":{"line":6,"column":6},"end":{"line":9,"column":71}},"7":{"start":{"line":7,"column":2},"end":{"line":7,"column":89}},"8":{"start":{"line":9,"column":2},"end":{"line":9,"column":71}},"9":{"start":{"line":11,"column":0},"end":{"line":574,"column":12}},"10":{"start":{"line":13,"column":10},"end":{"line":13,"column":36}},"11":{"start":{"line":16,"column":10},"end":{"line":37,"column":11}},"12":{"start":{"line":19,"column":11},"end":{"line":20,"column":54}},"13":{"start":{"line":20,"column":12},"end":{"line":20,"column":54}},"14":{"start":{"line":23,"column":11},"end":{"line":27,"column":13}},"15":{"start":{"line":30,"column":11},"end":{"line":30,"column":95}},"16":{"start":{"line":33,"column":11},"end":{"line":33,"column":27}},"17":{"start":{"line":36,"column":11},"end":{"line":36,"column":33}},"18":{"start":{"line":41,"column":10},"end":{"line":41,"column":42}},"19":{"start":{"line":44,"column":10},"end":{"line":44,"column":51}},"20":{"start":{"line":47,"column":10},"end":{"line":47,"column":68}},"21":{"start":{"line":47,"column":52},"end":{"line":47,"column":65}},"22":{"start":{"line":50,"column":10},"end":{"line":58,"column":12}},"23":{"start":{"line":51,"column":11},"end":{"line":57,"column":12}},"24":{"start":{"line":52,"column":12},"end":{"line":56,"column":15}},"25":{"start":{"line":61,"column":10},"end":{"line":67,"column":12}},"26":{"start":{"line":62,"column":11},"end":{"line":64,"column":59}},"27":{"start":{"line":63,"column":36},"end":{"line":63,"column":61}},"28":{"start":{"line":64,"column":42},"end":{"line":64,"column":56}},"29":{"start":{"line":65,"column":11},"end":{"line":65,"column":54}},"30":{"start":{"line":66,"column":11},"end":{"line":66,"column":25}},"31":{"start":{"line":70,"column":10},"end":{"line":70,"column":128}},"32":{"start":{"line":70,"column":63},"end":{"line":70,"column":125}},"33":{"start":{"line":73,"column":10},"end":{"line":73,"column":37}},"34":{"start":{"line":76,"column":10},"end":{"line":76,"column":64}},"35":{"start":{"line":84,"column":27},"end":{"line":124,"column":67}},"36":{"start":{"line":86,"column":0},"end":{"line":88,"column":3}},"37":{"start":{"line":89,"column":0},"end":{"line":89,"column":20}},"38":{"start":{"line":90,"column":0},"end":{"line":90,"column":42}},"39":{"start":{"line":91,"column":0},"end":{"line":91,"column":30}},"40":{"start":{"line":93,"column":0},"end":{"line":93,"column":41}},"41":{"start":{"line":98,"column":0},"end":{"line":101,"column":1}},"42":{"start":{"line":99,"column":2},"end":{"line":99,"column":43}},"43":{"start":{"line":100,"column":2},"end":{"line":100,"column":46}},"44":{"start":{"line":106,"column":0},"end":{"line":108,"column":1}},"45":{"start":{"line":107,"column":2},"end":{"line":107,"column":92}},"46":{"start":{"line":114,"column":0},"end":{"line":116,"column":1}},"47":{"start":{"line":115,"column":2},"end":{"line":115,"column":117}},"48":{"start":{"line":121,"column":0},"end":{"line":123,"column":1}},"49":{"start":{"line":122,"column":2},"end":{"line":122,"column":64}},"50":{"start":{"line":130,"column":0},"end":{"line":130,"column":47}},"51":{"start":{"line":136,"column":0},"end":{"line":136,"column":47}},"52":{"start":{"line":145,"column":0},"end":{"line":147,"column":3}},"53":{"start":{"line":148,"column":0},"end":{"line":148,"column":33}},"54":{"start":{"line":150,"column":0},"end":{"line":150,"column":39}},"55":{"start":{"line":152,"column":0},"end":{"line":152,"column":51}},"56":{"start":{"line":154,"column":0},"end":{"line":154,"column":43}},"57":{"start":{"line":156,"column":0},"end":{"line":156,"column":35}},"58":{"start":{"line":158,"column":0},"end":{"line":158,"column":36}},"59":{"start":{"line":160,"column":0},"end":{"line":160,"column":95}},"60":{"start":{"line":160,"column":39},"end":{"line":160,"column":93}},"61":{"start":{"line":162,"column":0},"end":{"line":162,"column":61}},"62":{"start":{"line":163,"column":0},"end":{"line":163,"column":39}},"63":{"start":{"line":170,"column":0},"end":{"line":177,"column":1}},"64":{"start":{"line":171,"column":2},"end":{"line":171,"column":87}},"65":{"start":{"line":173,"column":2},"end":{"line":173,"column":39}},"66":{"start":{"line":174,"column":2},"end":{"line":174,"column":59}},"67":{"start":{"line":176,"column":2},"end":{"line":176,"column":67}},"68":{"start":{"line":179,"column":0},"end":{"line":181,"column":2}},"69":{"start":{"line":180,"column":2},"end":{"line":180,"column":77}},"70":{"start":{"line":183,"column":0},"end":{"line":183,"column":50}},"71":{"start":{"line":192,"column":0},"end":{"line":194,"column":3}},"72":{"start":{"line":195,"column":0},"end":{"line":195,"column":33}},"73":{"start":{"line":197,"column":0},"end":{"line":197,"column":564}},"74":{"start":{"line":197,"column":33},"end":{"line":197,"column":349}},"75":{"start":{"line":197,"column":76},"end":{"line":197,"column":347}},"76":{"start":{"line":197,"column":117},"end":{"line":197,"column":143}},"77":{"start":{"line":197,"column":144},"end":{"line":197,"column":199}},"78":{"start":{"line":197,"column":200},"end":{"line":197,"column":231}},"79":{"start":{"line":197,"column":232},"end":{"line":197,"column":286}},"80":{"start":{"line":197,"column":259},"end":{"line":197,"column":286}},"81":{"start":{"line":197,"column":287},"end":{"line":197,"column":345}},"82":{"start":{"line":197,"column":350},"end":{"line":197,"column":559}},"83":{"start":{"line":197,"column":407},"end":{"line":197,"column":475}},"84":{"start":{"line":197,"column":423},"end":{"line":197,"column":475}},"85":{"start":{"line":197,"column":476},"end":{"line":197,"column":536}},"86":{"start":{"line":197,"column":493},"end":{"line":197,"column":536}},"87":{"start":{"line":197,"column":537},"end":{"line":197,"column":556}},"88":{"start":{"line":199,"column":0},"end":{"line":199,"column":41}},"89":{"start":{"line":201,"column":0},"end":{"line":201,"column":36}},"90":{"start":{"line":203,"column":0},"end":{"line":203,"column":153}},"91":{"start":{"line":203,"column":50},"end":{"line":203,"column":151}},"92":{"start":{"line":203,"column":92},"end":{"line":203,"column":149}},"93":{"start":{"line":206,"column":0},"end":{"line":225,"column":2}},"94":{"start":{"line":213,"column":4},"end":{"line":213,"column":73}},"95":{"start":{"line":223,"column":4},"end":{"line":223,"column":36}},"96":{"start":{"line":234,"column":0},"end":{"line":436,"column":4}},"97":{"start":{"line":235,"column":2},"end":{"line":250,"column":3}},"98":{"start":{"line":236,"column":4},"end":{"line":236,"column":86}},"99":{"start":{"line":237,"column":4},"end":{"line":237,"column":107}},"100":{"start":{"line":239,"column":4},"end":{"line":239,"column":40}},"101":{"start":{"line":241,"column":4},"end":{"line":241,"column":21}},"102":{"start":{"line":242,"column":4},"end":{"line":242,"column":33}},"103":{"start":{"line":244,"column":4},"end":{"line":246,"column":5}},"104":{"start":{"line":245,"column":6},"end":{"line":245,"column":80}},"105":{"start":{"line":248,"column":4},"end":{"line":248,"column":41}},"106":{"start":{"line":249,"column":4},"end":{"line":249,"column":51}},"107":{"start":{"line":257,"column":2},"end":{"line":433,"column":6}},"108":{"start":{"line":260,"column":6},"end":{"line":260,"column":50}},"109":{"start":{"line":270,"column":6},"end":{"line":270,"column":55}},"110":{"start":{"line":281,"column":6},"end":{"line":284,"column":7}},"111":{"start":{"line":282,"column":8},"end":{"line":282,"column":38}},"112":{"start":{"line":283,"column":8},"end":{"line":283,"column":47}},"113":{"start":{"line":286,"column":6},"end":{"line":286,"column":80}},"114":{"start":{"line":287,"column":6},"end":{"line":287,"column":45}},"115":{"start":{"line":288,"column":6},"end":{"line":288,"column":18}},"116":{"start":{"line":290,"column":6},"end":{"line":290,"column":30}},"117":{"start":{"line":301,"column":6},"end":{"line":301,"column":80}},"118":{"start":{"line":303,"column":6},"end":{"line":303,"column":40}},"119":{"start":{"line":305,"column":6},"end":{"line":308,"column":7}},"120":{"start":{"line":306,"column":8},"end":{"line":306,"column":35}},"121":{"start":{"line":307,"column":8},"end":{"line":307,"column":20}},"122":{"start":{"line":309,"column":6},"end":{"line":309,"column":30}},"123":{"start":{"line":320,"column":6},"end":{"line":320,"column":82}},"124":{"start":{"line":330,"column":6},"end":{"line":330,"column":23}},"125":{"start":{"line":332,"column":6},"end":{"line":336,"column":17}},"126":{"start":{"line":333,"column":8},"end":{"line":333,"column":81}},"127":{"start":{"line":335,"column":8},"end":{"line":335,"column":28}},"128":{"start":{"line":347,"column":6},"end":{"line":347,"column":49}},"129":{"start":{"line":348,"column":6},"end":{"line":348,"column":69}},"130":{"start":{"line":350,"column":6},"end":{"line":350,"column":32}},"131":{"start":{"line":351,"column":6},"end":{"line":351,"column":18}},"132":{"start":{"line":353,"column":6},"end":{"line":353,"column":19}},"133":{"start":{"line":363,"column":6},"end":{"line":363,"column":38}},"134":{"start":{"line":364,"column":6},"end":{"line":364,"column":53}},"135":{"start":{"line":367,"column":6},"end":{"line":367,"column":34}},"136":{"start":{"line":370,"column":6},"end":{"line":374,"column":7}},"137":{"start":{"line":371,"column":8},"end":{"line":373,"column":9}},"138":{"start":{"line":372,"column":10},"end":{"line":372,"column":30}},"139":{"start":{"line":376,"column":6},"end":{"line":376,"column":30}},"140":{"start":{"line":386,"column":6},"end":{"line":386,"column":40}},"141":{"start":{"line":397,"column":6},"end":{"line":397,"column":47}},"142":{"start":{"line":408,"column":6},"end":{"line":408,"column":34}},"143":{"start":{"line":420,"column":6},"end":{"line":420,"column":46}},"144":{"start":{"line":431,"column":6},"end":{"line":431,"column":42}},"145":{"start":{"line":435,"column":2},"end":{"line":435,"column":22}},"146":{"start":{"line":447,"column":0},"end":{"line":449,"column":3}},"147":{"start":{"line":450,"column":0},"end":{"line":450,"column":20}},"148":{"start":{"line":452,"column":0},"end":{"line":452,"column":39}},"149":{"start":{"line":454,"column":0},"end":{"line":454,"column":51}},"150":{"start":{"line":456,"column":0},"end":{"line":456,"column":41}},"151":{"start":{"line":458,"column":0},"end":{"line":458,"column":36}},"152":{"start":{"line":460,"column":0},"end":{"line":460,"column":95}},"153":{"start":{"line":460,"column":39},"end":{"line":460,"column":93}},"154":{"start":{"line":465,"column":0},"end":{"line":470,"column":1}},"155":{"start":{"line":466,"column":2},"end":{"line":468,"column":3}},"156":{"start":{"line":467,"column":4},"end":{"line":467,"column":76}},"157":{"start":{"line":469,"column":2},"end":{"line":469,"column":72}},"158":{"start":{"line":480,"column":0},"end":{"line":537,"column":1}},"159":{"start":{"line":481,"column":2},"end":{"line":481,"column":87}},"160":{"start":{"line":483,"column":2},"end":{"line":483,"column":49}},"161":{"start":{"line":484,"column":2},"end":{"line":485,"column":28}},"162":{"start":{"line":486,"column":2},"end":{"line":486,"column":30}},"163":{"start":{"line":488,"column":2},"end":{"line":510,"column":3}},"164":{"start":{"line":489,"column":4},"end":{"line":503,"column":5}},"165":{"start":{"line":491,"column":8},"end":{"line":491,"column":92}},"166":{"start":{"line":492,"column":8},"end":{"line":492,"column":14}},"167":{"start":{"line":494,"column":8},"end":{"line":494,"column":35}},"168":{"start":{"line":495,"column":8},"end":{"line":495,"column":14}},"169":{"start":{"line":498,"column":8},"end":{"line":498,"column":35}},"170":{"start":{"line":499,"column":8},"end":{"line":499,"column":14}},"171":{"start":{"line":501,"column":8},"end":{"line":501,"column":36}},"172":{"start":{"line":502,"column":8},"end":{"line":502,"column":14}},"173":{"start":{"line":505,"column":4},"end":{"line":509,"column":5}},"174":{"start":{"line":506,"column":6},"end":{"line":506,"column":55}},"175":{"start":{"line":508,"column":6},"end":{"line":508,"column":35}},"176":{"start":{"line":512,"column":2},"end":{"line":528,"column":3}},"177":{"start":{"line":513,"column":4},"end":{"line":515,"column":5}},"178":{"start":{"line":514,"column":6},"end":{"line":514,"column":49}},"179":{"start":{"line":516,"column":4},"end":{"line":518,"column":5}},"180":{"start":{"line":517,"column":6},"end":{"line":517,"column":28}},"181":{"start":{"line":520,"column":4},"end":{"line":520,"column":68}},"182":{"start":{"line":522,"column":4},"end":{"line":524,"column":5}},"183":{"start":{"line":523,"column":6},"end":{"line":523,"column":55}},"184":{"start":{"line":525,"column":4},"end":{"line":527,"column":5}},"185":{"start":{"line":526,"column":6},"end":{"line":526,"column":35}},"186":{"start":{"line":532,"column":2},"end":{"line":534,"column":3}},"187":{"start":{"line":533,"column":4},"end":{"line":533,"column":39}},"188":{"start":{"line":536,"column":2},"end":{"line":536,"column":38}},"189":{"start":{"line":543,"column":0},"end":{"line":543,"column":6}},"190":{"start":{"line":546,"column":0},"end":{"line":548,"column":5}},"191":{"start":{"line":547,"column":1},"end":{"line":547,"column":13}},"192":{"start":{"line":550,"column":0},"end":{"line":557,"column":1}},"193":{"start":{"line":552,"column":1},"end":{"line":552,"column":56}},"194":{"start":{"line":555,"column":1},"end":{"line":556,"column":13}},"195":{"start":{"line":556,"column":2},"end":{"line":556,"column":13}},"196":{"start":{"line":563,"column":0},"end":{"line":563,"column":19}},"197":{"start":{"line":570,"column":0},"end":{"line":570,"column":40}}},"branchMap":{"1":{"line":2,"type":"if","locations":[{"start":{"line":2,"column":1},"end":{"line":2,"column":1}},{"start":{"line":2,"column":1},"end":{"line":2,"column":1}}]},"2":{"line":2,"type":"binary-expr","locations":[{"start":{"line":2,"column":4},"end":{"line":2,"column":31}},{"start":{"line":2,"column":35},"end":{"line":2,"column":61}}]},"3":{"line":4,"type":"if","locations":[{"start":{"line":4,"column":6},"end":{"line":4,"column":6}},{"start":{"line":4,"column":6},"end":{"line":4,"column":6}}]},"4":{"line":4,"type":"binary-expr","locations":[{"start":{"line":4,"column":9},"end":{"line":4,"column":37}},{"start":{"line":4,"column":41},"end":{"line":4,"column":51}}]},"5":{"line":6,"type":"if","locations":[{"start":{"line":6,"column":6},"end":{"line":6,"column":6}},{"start":{"line":6,"column":6},"end":{"line":6,"column":6}}]},"6":{"line":19,"type":"if","locations":[{"start":{"line":19,"column":11},"end":{"line":19,"column":11}},{"start":{"line":19,"column":11},"end":{"line":19,"column":11}}]},"7":{"line":51,"type":"if","locations":[{"start":{"line":51,"column":11},"end":{"line":51,"column":11}},{"start":{"line":51,"column":11},"end":{"line":51,"column":11}}]},"8":{"line":62,"type":"cond-expr","locations":[{"start":{"line":63,"column":12},"end":{"line":63,"column":63}},{"start":{"line":64,"column":12},"end":{"line":64,"column":58}}]},"9":{"line":62,"type":"binary-expr","locations":[{"start":{"line":62,"column":24},"end":{"line":62,"column":30}},{"start":{"line":62,"column":34},"end":{"line":62,"column":51}}]},"10":{"line":115,"type":"binary-expr","locations":[{"start":{"line":115,"column":9},"end":{"line":115,"column":55}},{"start":{"line":115,"column":59},"end":{"line":115,"column":116}}]},"11":{"line":122,"type":"cond-expr","locations":[{"start":{"line":122,"column":48},"end":{"line":122,"column":54}},{"start":{"line":122,"column":57},"end":{"line":122,"column":63}}]},"12":{"line":160,"type":"cond-expr","locations":[{"start":{"line":160,"column":70},"end":{"line":160,"column":73}},{"start":{"line":160,"column":76},"end":{"line":160,"column":92}}]},"13":{"line":160,"type":"binary-expr","locations":[{"start":{"line":160,"column":46},"end":{"line":160,"column":49}},{"start":{"line":160,"column":53},"end":{"line":160,"column":67}}]},"14":{"line":171,"type":"cond-expr","locations":[{"start":{"line":171,"column":69},"end":{"line":171,"column":81}},{"start":{"line":171,"column":84},"end":{"line":171,"column":86}}]},"15":{"line":171,"type":"binary-expr","locations":[{"start":{"line":171,"column":16},"end":{"line":171,"column":36}},{"start":{"line":171,"column":40},"end":{"line":171,"column":66}}]},"16":{"line":176,"type":"cond-expr","locations":[{"start":{"line":176,"column":45},"end":{"line":176,"column":55}},{"start":{"line":176,"column":58},"end":{"line":176,"column":66}}]},"17":{"line":176,"type":"binary-expr","locations":[{"start":{"line":176,"column":9},"end":{"line":176,"column":23}},{"start":{"line":176,"column":27},"end":{"line":176,"column":42}}]},"18":{"line":197,"type":"binary-expr","locations":[{"start":{"line":197,"column":168},"end":{"line":197,"column":189}},{"start":{"line":197,"column":193},"end":{"line":197,"column":198}}]},"19":{"line":197,"type":"if","locations":[{"start":{"line":197,"column":232},"end":{"line":197,"column":232}},{"start":{"line":197,"column":232},"end":{"line":197,"column":232}}]},"20":{"line":197,"type":"if","locations":[{"start":{"line":197,"column":407},"end":{"line":197,"column":407}},{"start":{"line":197,"column":407},"end":{"line":197,"column":407}}]},"21":{"line":197,"type":"if","locations":[{"start":{"line":197,"column":476},"end":{"line":197,"column":476}},{"start":{"line":197,"column":476},"end":{"line":197,"column":476}}]},"22":{"line":203,"type":"if","locations":[{"start":{"line":203,"column":50},"end":{"line":203,"column":50}},{"start":{"line":203,"column":50},"end":{"line":203,"column":50}}]},"23":{"line":213,"type":"cond-expr","locations":[{"start":{"line":213,"column":45},"end":{"line":213,"column":65}},{"start":{"line":213,"column":68},"end":{"line":213,"column":72}}]},"24":{"line":223,"type":"binary-expr","locations":[{"start":{"line":223,"column":11},"end":{"line":223,"column":15}},{"start":{"line":223,"column":19},"end":{"line":223,"column":35}}]},"25":{"line":236,"type":"cond-expr","locations":[{"start":{"line":236,"column":68},"end":{"line":236,"column":80}},{"start":{"line":236,"column":83},"end":{"line":236,"column":85}}]},"26":{"line":236,"type":"binary-expr","locations":[{"start":{"line":236,"column":15},"end":{"line":236,"column":35}},{"start":{"line":236,"column":39},"end":{"line":236,"column":65}}]},"27":{"line":237,"type":"cond-expr","locations":[{"start":{"line":237,"column":74},"end":{"line":237,"column":86}},{"start":{"line":237,"column":89},"end":{"line":237,"column":106}}]},"28":{"line":237,"type":"binary-expr","locations":[{"start":{"line":237,"column":21},"end":{"line":237,"column":41}},{"start":{"line":237,"column":45},"end":{"line":237,"column":71}}]},"29":{"line":244,"type":"if","locations":[{"start":{"line":244,"column":4},"end":{"line":244,"column":4}},{"start":{"line":244,"column":4},"end":{"line":244,"column":4}}]},"30":{"line":249,"type":"binary-expr","locations":[{"start":{"line":249,"column":19},"end":{"line":249,"column":24}},{"start":{"line":249,"column":28},"end":{"line":249,"column":44}},{"start":{"line":249,"column":48},"end":{"line":249,"column":50}}]},"31":{"line":281,"type":"if","locations":[{"start":{"line":281,"column":6},"end":{"line":281,"column":6}},{"start":{"line":281,"column":6},"end":{"line":281,"column":6}}]},"32":{"line":281,"type":"binary-expr","locations":[{"start":{"line":281,"column":10},"end":{"line":281,"column":19}},{"start":{"line":281,"column":23},"end":{"line":281,"column":37}}]},"33":{"line":305,"type":"if","locations":[{"start":{"line":305,"column":6},"end":{"line":305,"column":6}},{"start":{"line":305,"column":6},"end":{"line":305,"column":6}}]},"34":{"line":371,"type":"if","locations":[{"start":{"line":371,"column":8},"end":{"line":371,"column":8}},{"start":{"line":371,"column":8},"end":{"line":371,"column":8}}]},"35":{"line":460,"type":"cond-expr","locations":[{"start":{"line":460,"column":70},"end":{"line":460,"column":73}},{"start":{"line":460,"column":76},"end":{"line":460,"column":92}}]},"36":{"line":460,"type":"binary-expr","locations":[{"start":{"line":460,"column":46},"end":{"line":460,"column":49}},{"start":{"line":460,"column":53},"end":{"line":460,"column":67}}]},"37":{"line":466,"type":"if","locations":[{"start":{"line":466,"column":2},"end":{"line":466,"column":2}},{"start":{"line":466,"column":2},"end":{"line":466,"column":2}}]},"38":{"line":481,"type":"cond-expr","locations":[{"start":{"line":481,"column":69},"end":{"line":481,"column":81}},{"start":{"line":481,"column":84},"end":{"line":481,"column":86}}]},"39":{"line":481,"type":"binary-expr","locations":[{"start":{"line":481,"column":16},"end":{"line":481,"column":36}},{"start":{"line":481,"column":40},"end":{"line":481,"column":66}}]},"40":{"line":489,"type":"switch","locations":[{"start":{"line":490,"column":6},"end":{"line":492,"column":14}},{"start":{"line":493,"column":6},"end":{"line":495,"column":14}},{"start":{"line":496,"column":6},"end":{"line":496,"column"
[...]
at will be called"," */","function getSyncMethod(model) {","  var options = arguments.length > 1 && arguments[1] !== undefined ? arguments[1] : {};","","  var forceAjaxSync = options.ajaxSync;","  var hasLocalStorage = (0, _utils.getLocalStorage)(model);","","  return !forceAjaxSync && hasLocalStorage ? _sync.sync : ajaxSync;","}","","_backbone2.default.sync = function (method, model, options) {","  return getSyncMethod(model, options).apply(this, [method, model, options]);","};","","exports.LocalStorage = _localstorage.LocalStorage;","","/***/ }),","/* 4 */","/***/ (function(module, exports, __webpack_require__) {","","\"use strict\";","","","Object.defineProperty(exports, \"__esModule\", {","  value: true","});","exports.LocalStorage = undefined;","","var _createClass = function () { function defineProperties(target, props) { for (var i = 0; i < props.length; i++) { var descriptor = props[i]; descriptor.enumerable = descriptor.enumerable || false; descriptor.configurable = true; if (\"value\" in descriptor) descriptor.writable = true; Object.defineProperty(target, descriptor.key, descriptor); } } return function (Constructor, protoProps, staticProps) { if (protoProps) defineProperties(Constructor.prototype, protoProps); if (staticProps) defineProperties(Constructor, staticProps); return Constructor; }; }();","","var _underscore = __webpack_require__(1);","","var _utils = __webpack_require__(0);","","function _classCallCheck(instance, Constructor) { if (!(instance instanceof Constructor)) { throw new TypeError(\"Cannot call a class as a function\"); } }","","/** The default serializer for transforming your saved data to localStorage */","var defaultSerializer = {","","  /** Return a JSON-serialized string representation of item","   * @param {Object} item - The encoded model data","   * @returns {string} A JSON-encoded string","   */","  serialize: function serialize(item) {","    return (0, _underscore.isObject)(item) ? JSON.stringify(item) : item;","  },","","","  /** Custom deserialization for data. This includes a fix for an Android bug","   * which raises an error attempting to deserialize null","   * @param {string} data - JSON-encoded string","   * @returns {Object} The object result of parsing data","   */","  deserialize: function deserialize(data) {","    return data && JSON.parse(data);","  }","};","","/** LocalStorage proxy class for Backbone models."," * Usage:"," *   export const MyModel = Backbone.Model.extend({"," *     localStorage: new LocalStorage('MyModelName')"," *   });"," */","","var LocalStorage = exports.LocalStorage = function () {","  function LocalStorage() {","    var name = arguments.length > 0 && arguments[0] !== undefined ? arguments[0] : '';","    var serializer = arguments.length > 1 && arguments[1] !== undefined ? arguments[1] : defaultSerializer;","","    _classCallCheck(this, LocalStorage);","","    this.name = name;","    this.serializer = serializer;","","    if (!this.localStorage) {","      throw 'Backbone.localStorage: Environment does not support localStorage.';","    }","","    var store = this._getItem(this.name);","    this.records = store && store.split(',') || [];","  }","","  /** Return the global localStorage variable","   * @returns {Object} Local Storage reference.","  */","","","  _createClass(LocalStorage, [{","    key: 'localStorage',","    value: function localStorage() {","      return (0, _utils.getWindow)().localStorage;","    }","","    /** Save the current status to localStorage","     * @returns {undefined}","     */","","  }, {","    key: 'save',","    value: function save() {","      this._setItem(this.name, this.records.join(','));","    }","","    /** Add a new model with a unique GUID, if it doesn't already have its own ID","     * @param {Model} model - The Backbone Model to save to LocalStorage","     * @returns {Model} The saved model","     */","","  }, {","    key: 'create',","    value: function create(model) {","      if (!model.id && model.id !== 0) {","        model.id = (0, _utils.guid)();","        model.set(model.idAttribute, model.id);","      }","","      this._setItem(this._itemName(model.id), this.serializer.serialize(model));","      this.records.push(model.id.toString());","      this.save();","","      return this.find(model);","    }","","    /** Update an existing model in LocalStorage","     * @param {Model} model - The model to update","     * @returns {Model} The updated model","     */","","  }, {","    key: 'update',","    value: function update(model) {","      this._setItem(this._itemName(model.id), this.serializer.serialize(model));","","      var modelId = model.id.toString();","","      if (!(0, _underscore.contains)(this.records, modelId)) {","        this.records.push(modelId);","        this.save();","      }","      return this.find(model);","    }","","    /** Retrieve a model from local storage by model id","     * @param {Model} model - The Backbone Model to lookup","     * @returns {Model} The model from LocalStorage","     */","","  }, {","    key: 'find',","    value: function find(model) {","      return this.serializer.deserialize(this._getItem(this._itemName(model.id)));","    }","","    /** Return all models from LocalStorage","     * @returns {Array} The array of models stored","     */","","  }, {","    key: 'findAll',","    value: function findAll() {","      var _this = this;","","      return (0, _underscore.chain)(this.records).map(function (id) {","        return _this.serializer.deserialize(_this._getItem(_this._itemName(id)));","      }).filter(function (item) {","        return item != null;","      }).value();","    }","","    /** Delete a model from `this.data`, returning it.","     * @param {Model} model - Model to delete","     * @returns {Model} Model removed from this.data","    */","","  }, {","    key: 'destroy',","    value: function destroy(model) {","      this._removeItem(this._itemName(model.id));","      var newRecords = (0, _underscore.without)(this.records, model);","","      this.records = newRecords;","      this.save();","","      return model;","    }","","    /** Clear localStorage for a collection","     * @returns {undefined}","     */","","  }, {","    key: '_clear',","    value: function _clear() {","      var local = this.localStorage();","      var itemRe = new RegExp('^' + this.name + '-');","","      // Remove id-tracking item (e.g., \"foo\").","      local.removeItem(this.name);","","      // Match all data items (e.g., \"foo-ID\") and remove.","      for (var k in local) {","        if (itemRe.test(k)) {","          local.removeItem(k);","        }","      }","","      this.records.length = 0;","    }","","    /** Number of items in localStorage","     * @returns {integer} - Number of items","     */","","  }, {","    key: '_storageSize',","    value: function _storageSize() {","      return this.localStorage().length;","    }","","    /** Return the item from localStorage","     * @param {string} name - Name to lookup","     * @returns {string} Value from localStorage","     */","","  }, {","    key: '_getItem',","    value: function _getItem(name) {","      return this.localStorage().getItem(name);","    }","","    /** Return the item name to lookup in localStorage","     * @param {integer} id - Item ID","     * @returns {string} Item name","    */","","  }, {","    key: '_itemName',","    value: function _itemName(id) {","      return this.name + '-' + id;","    }","","    /** Proxy to the localStorage setItem value method","     * @param {string} key - LocalStorage key to set","     * @param {string} value - LocalStorage value to set","     * @returns {undefined}","     */","","  }, {","    key: '_setItem',","    value: function _setItem(key, value) {","      this.localStorage().setItem(key, value);","    }","","    /** Proxy to the localStorage removeItem method","     * @param {string} key - LocalStorage key to remove","     * @returns {undefined}","     */","","  }, {","    key: '_removeItem',","    value: function _removeItem(key) {","      this.localStorage().removeItem(key);","    }","  }]);","","  return LocalStorage;","}();","",";","","/***/ }),","/* 5 */","/***/ (function(module, exports, __webpack_require__) {","","\"use strict\";","","","Object.defineProperty(exports, \"__esModule\", {","  value: true","});","exports.sync = sync;","","var _backbone = __webpack_require__(2);","","var _backbone2 = _interopRequireDefault(_backbone);","","var _underscore = __webpack_require__(1);","","var _utils = __webpack_require__(0);","","function _interopRequireDefault(obj) { return obj && obj.__esModule ? obj : { default: obj }; }","","/** Get the Deferred status from $ if we have jQuery, otherwise use Backbone's"," *  @returns {boolean} - Whether the request was deferred","*/","function getDeferred() {","  if (_backbone2.default.$) {","    return (0, _underscore.result)(_backbone2.default.$, 'Deferred', false);","  }","  return (0, _underscore.result)(_backbone2.default, 'Deferred', false);","}","","/** Override Backbone's `sync` method to run against localStorage"," * @param {string} method - One of read/create/update/delete"," * @param {Model} model - Backbone model to sync"," * @param {Object} options - Options object, use `ajaxSync: true` to run the"," *  operation against the server in which case, options will also be passed into"," *  `jQuery.ajax`"," * @returns {undefined}"," */","function sync(method, model) {","  var options = arguments.length > 2 && arguments[2] !== undefined ? arguments[2] : {};","","  var store = (0, _utils.getLocalStorage)(model);","  var resp = void 0,","      errorMessage = void 0;","  var syncDfd = getDeferred();","","  try {","    switch (method) {","      case 'read':","        resp = (0, _underscore.isUndefined)(model.id) ? store.findAll() : store.find(model);","        break;","      case 'create':","        resp = store.create(model);","        break;","      case 'patch':","      case 'update':","        resp = store.update(model);","        break;","      case 'delete':","        resp = store.destroy(model);","        break;","    }","  } catch (error) {","    if (error.code === 22 && store._storageSize() === 0) {","      errorMessage = 'Private browsing is unsupported';","    } else {","      errorMessage = error.message;","    }","  }","","  if (resp) {","    if (options.success) {","      options.success.call(model, resp, options);","    }","    if (syncDfd) {","      syncDfd.resolve(resp);","    }","  } else {","    errorMessage = errorMessage ? errorMessage : 'Record Not Found';","","    if (options.error) {","      options.error.call(model, errorMessage, options);","    }","    if (syncDfd) {","      syncDfd.reject(errorMessage);","    }","  }","","  // add compatibility with $.ajax","  // always execute callback for success and error","  if (options.complete) {","    options.complete.call(model, resp);","  }","","  return syncDfd && syncDfd.promise();","}","","/***/ }),","/* 6 */","/***/ (function(module, exports) {","","var g;","","// This works in non-strict mode","g = (function() {","\treturn this;","})();","","try {","\t// This works if eval is allowed (see CSP)","\tg = g || Function(\"return this\")() || (1,eval)(\"this\");","} catch(e) {","\t// This works if the window reference is available","\tif(typeof window === \"object\")","\t\tg = window;","}","","// g can still be undefined, but nothing to do about it...","// We return undefined, instead of nothing here, so it's","// easier to handle this case. if(!global) { ...}","","module.exports = g;","","","/***/ }),","/* 7 */","/***/ (function(module, exports, __webpack_require__) {","","module.exports = __webpack_require__(3);","","","/***/ })","/******/ ]);","});"],"l":{"1":1,"2":1,"3":1,"4":0,"5":0,"6":0,"7":0,"9":0,"11":1,"13":1,"16":1,"19":13,"20":5,"23":8,"30":8,"33":8,"36":8,"41":1,"44":1,"47":1,"50":1,"51":0,"52":0,"61":1,"62":0,"63":0,"64":0,"65":0,"66":0,"70":1,"73":1,"76":1,"84":1,"86":1,"89":1,"90":1,"91":1,"93":1,"98":1,"99":0,"100":0,"106":1,"107":0,"114":1,"115":0,"121":1,"122":0,"130":1,"136":1,"145":1,"148":1,"150":1,"152":1,"154":1,"156":1,"158":1,"160":1,"162":1,"163":1,"170":1,"171":0,"173":0,"174":0,"176":0,"179":1,"180":0,"183":1,"192":1,"195":1,"197":13,"199":1,"201":1,"203":1,"206":1,"213":0,"223":0,"234":1,"235":1,"236":0,"237":0,"239":0,"241":0,"242":0,"244":0,"245":0,"248":0,"249":0,"257":1,"260":0,"270":0,"281":0,"282":0,"283":0,"286":0,"287":0,"288":0,"290":0,"301":0,"303":0,"305":0,"306":0,"307":0,"309":0,"320":0,"330":0,"332":0,"333":0,"335":0,"347":0,"348":0,"350":0,"351":0,"353":0,"363":0,"364":0,"367":0,"370":0,"371":0,"372":0,"376":0,"386":0,"397":0,"408":0,"420":0,"431":0,"435":1,"447":1,"450":1,"452":1,"454":1,"456":1,"458":1,"460":1,"465":1,"466":0,"467":0,"469":0,"480":1,"481":0,"483":0,"484":0,"486":0,"488":0,"489":0,"491":0,"492":0,"494":0,"495":0,"498":0,"499":0,"501":0,"502":0,"505":0,"506":0,"508":0,"512":0,"513":0,"514":0,"516":0,"517":0,"520":0,"522":0,"523":0,"525":0,"526":0,"532":0,"533":0,"536":0,"543":1,"546":1,"547":1,"550":1,"552":1,"555":0,"556":0,"563":1,"570":1}},"/home/travis/build/npmtest/node-npmtest-backbone.localstorage/node_modules/backbone.localstorage/karma.conf.js":{"path":"/home/travis/build/npmtest/node-npmtest-backbone.localstorage/node_modules/backbone.localstorage/karma.conf.js","s":{"1":1,"2":1,"3":1,"4":1,"5":1,"6":1,"7":1,"8":0,"9":1,"10":0},"b":{"1":[1,0]},"f":{"1":0},"fnMap":{"1":{"name":"(anonymous_1)","line":25,"loc":{"start":{"line":25,"column":17},"end":{"line":25,"column":34}}}},"statementMap":{"1":{"start":{"line":4,"column":0},"end":{"line":4,"column":29}},"2":{"start":{"line":5,"column":0},"end":{"line":7,"column":3}},"3":{"start":{"line":9,"column":0},"end":{"line":12,"column":2}},"4":{"start":{"line":14,"column":0},"end":{"line":23,"column":1}},"5":{"start":{"line":15,"column":2},"end":{"line":15,"column":45}},"6":{"start":{"line":16,"column":2},"end":{"line":19,"column":5}},"7":{"start":{"line":20,"column":2},"end":{"line":20,"column":30}},"8":{"start":{"line":22,"column":2},"end":{"line":22,"column":56}},"9":{"start":{"line":25,"column":0},"end":{"line":132,"column":1}},"10":{"start":{"line":26,"column":2},"end":{"line":131,"column":4}}},"branchMap":{"1":{"line":14,"type":"if","locations":[{"start":{"line":14,"column":0},"end":{"line":14,"column":0}},{"start":{"line":14,"column":0},"end":{"line":14,"column":0}}]}},"code":["// Karma configuration","// Generated on Sun Feb 19 2017 21:14:14 GMT+0000 (GMT)","","const path = require('path');","const coverageReporters = [{","  type: 'text-summary'","}];","","const reporters = [","  'progress',","  'coverage'","];","","if (process.env.TRAVIS) {","  console.log('On Travis sending coveralls');","  coverageReporters.push({","    type: 'lcov',","    dir: 'coverage'","  });","  reporters.push('coveralls');","} else {","  console.log('Not on Travis so not sending coveralls');","}","","module.exports = function(config) {","  config.set({","","    // base path that will be used to resolve all patterns (eg. files, exclude)","    basePath: '',","","","    // frameworks to use","    // available frameworks: https://npmjs.org/browse/keyword/karma-adapter","    frameworks: ['mocha'],","","","    // list of files / patterns to load in the browser","    files: [","      'test/*.test.js'","    ],","","","    // list of files to exclude","    exclude: [","    ],","","","    // preprocess matching files before serving them to the browser","    // available preprocessors: https://npmjs.org/browse/keyword/karma-preprocessor","    preprocessors: {","      'test/*.test.js': ['webpack']","    },","","    webpack: {","      devtool: 'inline-source-map',","      module: {","        loaders: [","          {","            test: /\\.js$/,","            exclude: /node_modules/,","            loader: 'babel-loader',","            options: {","              presets: ['es2015']","            }","          },","          {","            test: /\\.js$/,","            include: /src\\/.*\\.js$/,","            exclude: /node_modules/,","            loader: 'istanbul-instrumenter-loader',","            enforce: 'post'","          }","        ]","      },","      output: {","        path: path.resolve('test'),","        filename: 'test.out.js'","      },","","      resolve: {","        alias: {","          'backbone.localStorage': path.resolve('src/driver.js')","        }","      }","    },","","","    // test results reporter to use","    // possible values: 'dots', 'progress'","    // available reporters: https://npmjs.org/browse/keyword/karma-reporter","    reporters: reporters,","","    coverageReporter: {","      reporters: coverageReporters","    },","","    coverageIstanbulReporter: {","      reports: ['text-summary'],","      fixWebpackSourcePaths: true","    },","","    // web server port","    port: 9876,","","","    // enable / disable colors in the output (reporters and logs)","    colors: true,","","","    // level of logging","    // possible values: config.LOG_DISABLE || config.LOG_ERROR || config.LOG_WARN || config.LOG_INFO || config.LOG_DEBUG","    logLevel: config.LOG_INFO,","","","    // enable / disable watching file and executing tests whenever any file changes","    autoWatch: true,","","","    // start these browsers","    // available browser launchers: https://npmjs.org/browse/keyword/karma-launcher","    browsers: ['Chrome', 'Firefox'],","","","    // Continuous Integration mode","    // if true, Karma captures browsers, runs the tests and exits","    singleRun: false,","","    // Concurrency level","    // how many browser should be started simultaneous","    concurrency: Infinity","  })","}",""],"l":{"4":1,"5":1,"9":1,"14":1,"15":1,"16":1,"20":1,"22":0,"25":1,"26":0}},"/home/travis/build/npmtest/node-npmtest-backbone.localstorage/node_modules/backbone.localstorage/webpack.config.js":{"path":"/home/travis/build/npmtest/node-npmtest-backbone.localstorage/node_modules/backbone.localstorage/webpack.config.js","s":{"1":1,"2":1,"3":1,"4":2,"5":1},"b":{"1":[2,2,2],"2":[0,1]},"f":{"1":2},"fnMap":{"1":{"name":"(anonymous_1)","line":7,"loc":{"start":{"line":7,"column":38},"end":{"line":7,"column":58}}}},"statementMap":{"1":{"start":{"line":3,"column":0},"end":{"line":3,"column":29}},"2":{"start":{"line":4,"column":0},"end":{"line":4,"column":32}},"3":{"start":{"line":7,"column":0},"end":{"line":9,"column":10}},"4":{"start":{"line":8,"column":2},"end":{"line":8,"column":56}},"5":{"start":{"line":11,"column":0},"end":{"line":45,"column":2}}},"branchMap":{"1":{"line":8,"type":"binary-expr","locations":[{"start":{"line":8,"column":9},"end":{"line":8,"column":13}},{"start":{"line":8,"column":17},"end":{"line":8,"column":39}},{"start":{"line":8,"column":43},"end":{"line":8,"column":55}}]},"2":{"line":40,"type":"cond-expr","locations":[{"start":{"line":40,"column":47},"end":{"line":40,"column":53}},{"start":{"line":40,"column":56},"end":{"line":40,"column":58}}]}},"code":["'use strict';","","const path = require('path');","const _ = require('underscore');","","","const isProd = _.reduce(process.argv, function(memo, arg) {","  return memo || arg === '--production' || arg === '-p';","}, false);","","module.exports = {","  entry: {","    app: ['./src/driver.js']","  },","  externals: {","    backbone: {","      commonjs: 'backbone',","      commonjs2: 'backbone',","      root: 'Backbone'","    },","    underscore: {","      commonjs: 'underscore',","      commonjs2: 'underscore',","      root: '_'","    }","  },","  module: {","    loaders: [","      {","        test: /\\.js$/,","        exclude: /node_modules/,","        loader: 'babel-loader',","        query: {","          presets: ['es2015']","        }","      }","    ]","  },","  output: {","    filename: `backbone.localStorage${isProd ? '.min' : ''}.js`,","    path: path.resolve('build'),","    library: 'Backbone.LocalStorage',","    libraryTarget: 'umd'","  }","};",""],"l":{"3":1,"4":1,"7":1,"8":2,"11":1}}}